[    0.000000] Initializing cgroup subsys cpuset
[    0.000000] Initializing cgroup subsys cpu
[    0.000000] Initializing cgroup subsys cpuacct
[    0.000000] Linux version 4.4.0-210-generic (buildd@lgw01-amd64-009) (gcc version 5.4.0 20160609 (Ubuntu 5.4.0-6ubuntu1~16.04.12) ) #242-Ubuntu SMP Fri Apr 16 09:57:56 UTC 2021 (Ubuntu 4.4.0-210.242-generic 4.4.262)
[    0.000000] Command line: BOOT_IMAGE=/boot/vmlinuz-4.4.0-210-generic root=LABEL=cloudimg-rootfs ro console=tty1 console=ttyS0
[    0.000000] KERNEL supported cpus:
[    0.000000]   Intel GenuineIntel
[    0.000000]   AMD AuthenticAMD
[    0.000000]   Centaur CentaurHauls
[    0.000000] x86/fpu: xstate_offset[2]:  576, xstate_sizes[2]:  256
[    0.000000] x86/fpu: Supporting XSAVE feature 0x01: 'x87 floating point registers'
[    0.000000] x86/fpu: Supporting XSAVE feature 0x02: 'SSE registers'
[    0.000000] x86/fpu: Supporting XSAVE feature 0x04: 'AVX registers'
[    0.000000] x86/fpu: Enabled xstate features 0x7, context size is 832 bytes, using 'standard' format.
[    0.000000] e820: BIOS-provided physical RAM map:
[    0.000000] BIOS-e820: [mem 0x0000000000000000-0x000000000009fbff] usable
[    0.000000] BIOS-e820: [mem 0x000000000009fc00-0x000000000009ffff] reserved
[    0.000000] BIOS-e820: [mem 0x00000000000f0000-0x00000000000fffff] reserved
[    0.000000] BIOS-e820: [mem 0x0000000000100000-0x000000003ffeffff] usable
[    0.000000] BIOS-e820: [mem 0x000000003fff0000-0x000000003fffffff] ACPI data
[    0.000000] BIOS-e820: [mem 0x00000000fec00000-0x00000000fec00fff] reserved
[    0.000000] BIOS-e820: [mem 0x00000000fee00000-0x00000000fee00fff] reserved
[    0.000000] BIOS-e820: [mem 0x00000000fffc0000-0x00000000ffffffff] reserved
[    0.000000] NX (Execute Disable) protection: active
[    0.000000] SMBIOS 2.5 present.
[    0.000000] Hypervisor detected: KVM
[    0.000000] e820: last_pfn = 0x3fff0 max_arch_pfn = 0x400000000
[    0.000000] MTRR: Disabled
[    0.000000] x86/PAT: MTRRs disabled, skipping PAT initialization too.
[    0.000000] CPU MTRRs all blank - virtualized system.
[    0.000000] x86/PAT: Configuration [0-7]: WB  WT  UC- UC  WB  WT  UC- UC  
[    0.000000] found SMP MP-table at [mem 0x0009fff0-0x0009ffff] mapped at [ffff88000009fff0]
[    0.000000] Scanning 1 areas for low memory corruption
[    0.000000] RAMDISK: [mem 0x362dc000-0x37165fff]
[    0.000000] ACPI: Early table checksum verification disabled
[    0.000000] ACPI: RSDP 0x00000000000E0000 000024 (v02 VBOX  )
[    0.000000] ACPI: XSDT 0x000000003FFF0030 00003C (v01 VBOX   VBOXXSDT 00000001 ASL  00000061)
[    0.000000] ACPI: FACP 0x000000003FFF00F0 0000F4 (v04 VBOX   VBOXFACP 00000001 ASL  00000061)
[    0.000000] ACPI: DSDT 0x000000003FFF0470 002325 (v02 VBOX   VBOXBIOS 00000002 INTL 20100528)
[    0.000000] ACPI: FACS 0x000000003FFF0200 000040
[    0.000000] ACPI: FACS 0x000000003FFF0200 000040
[    0.000000] ACPI: APIC 0x000000003FFF0240 00005C (v02 VBOX   VBOXAPIC 00000001 ASL  00000061)
[    0.000000] ACPI: SSDT 0x000000003FFF02A0 0001CC (v01 VBOX   VBOXCPUT 00000002 INTL 20100528)
[    0.000000] No NUMA configuration found
[    0.000000] Faking a node at [mem 0x0000000000000000-0x000000003ffeffff]
[    0.000000] NODE_DATA(0) allocated [mem 0x3ffeb000-0x3ffeffff]
[    0.000000] kvm-clock: Using msrs 4b564d01 and 4b564d00
[    0.000000] kvm-clock: cpu 0, msr 0:3ffe3001, primary cpu clock
[    0.000000] kvm-clock: using sched offset of 8050154149 cycles
[    0.000000] clocksource: kvm-clock: mask: 0xffffffffffffffff max_cycles: 0x1cd42e4dffb, max_idle_ns: 881590591483 ns
[    0.000000] Zone ranges:
[    0.000000]   DMA      [mem 0x0000000000001000-0x0000000000ffffff]
[    0.000000]   DMA32    [mem 0x0000000001000000-0x000000003ffeffff]
[    0.000000]   Normal   empty
[    0.000000]   Device   empty
[    0.000000] Movable zone start for each node
[    0.000000] Early memory node ranges
[    0.000000]   node   0: [mem 0x0000000000001000-0x000000000009efff]
[    0.000000]   node   0: [mem 0x0000000000100000-0x000000003ffeffff]
[    0.000000] Initmem setup node 0 [mem 0x0000000000001000-0x000000003ffeffff]
[    0.000000] ACPI: PM-Timer IO Port: 0x4008
[    0.000000] IOAPIC[0]: apic_id 2, version 32, address 0xfec00000, GSI 0-23
[    0.000000] ACPI: INT_SRC_OVR (bus 0 bus_irq 0 global_irq 2 dfl dfl)
[    0.000000] ACPI: INT_SRC_OVR (bus 0 bus_irq 9 global_irq 9 low level)
[    0.000000] Using ACPI (MADT) for SMP configuration information
[    0.000000] smpboot: Allowing 2 CPUs, 0 hotplug CPUs
[    0.000000] PM: Registered nosave memory: [mem 0x00000000-0x00000fff]
[    0.000000] PM: Registered nosave memory: [mem 0x0009f000-0x0009ffff]
[    0.000000] PM: Registered nosave memory: [mem 0x000a0000-0x000effff]
[    0.000000] PM: Registered nosave memory: [mem 0x000f0000-0x000fffff]
[    0.000000] e820: [mem 0x40000000-0xfebfffff] available for PCI devices
[    0.000000] Booting paravirtualized kernel on KVM
[    0.000000] clocksource: refined-jiffies: mask: 0xffffffff max_cycles: 0xffffffff, max_idle_ns: 7645519600211568 ns
[    0.000000] setup_percpu: NR_CPUS:512 nr_cpumask_bits:512 nr_cpu_ids:2 nr_node_ids:1
[    0.000000] PERCPU: Embedded 33 pages/cpu @ffff88003fc00000 s95192 r8192 d31784 u1048576
[    0.000000] Built 1 zonelists in Node order, mobility grouping on.  Total pages: 257912
[    0.000000] Policy zone: DMA32
[    0.000000] Kernel command line: BOOT_IMAGE=/boot/vmlinuz-4.4.0-210-generic root=LABEL=cloudimg-rootfs ro console=tty1 console=ttyS0
[    0.000000] PID hash table entries: 4096 (order: 3, 32768 bytes)
[    0.000000] Memory: 997792K/1048120K available (8644K kernel code, 1332K rwdata, 4044K rodata, 1492K init, 1164K bss, 50328K reserved, 0K cma-reserved)
[    0.000000] SLUB: HWalign=64, Order=0-3, MinObjects=0, CPUs=2, Nodes=1
[    0.000000] Kernel/User page tables isolation: enabled
[    0.000000] Hierarchical RCU implementation.
[    0.000000] 	Build-time adjustment of leaf fanout to 64.
[    0.000000] 	RCU restricting CPUs from NR_CPUS=512 to nr_cpu_ids=2.
[    0.000000] RCU: Adjusting geometry for rcu_fanout_leaf=64, nr_cpu_ids=2
[    0.000000] NR_IRQS:33024 nr_irqs:440 16
[    0.000000] Console: colour VGA+ 80x25
[    0.000000] console [tty1] enabled
[    0.000000] console [ttyS0] enabled
[    0.000000] tsc: Detected 2100.000 MHz processor
[    2.032095] Calibrating delay loop (skipped) preset value.. 4200.00 BogoMIPS (lpj=8400000)
[    2.062925] pid_max: default: 32768 minimum: 301
[    2.078590] ACPI: Core revision 20150930
[    2.094243] ACPI: 2 ACPI AML tables successfully acquired and loaded
[    2.117272] Security Framework initialized
[    2.131562] Yama: becoming mindful.
[    2.144639] AppArmor: AppArmor initialized
[    2.158935] Dentry cache hash table entries: 131072 (order: 8, 1048576 bytes)
[    2.182756] Inode-cache hash table entries: 65536 (order: 7, 524288 bytes)
[    2.203844] Mount-cache hash table entries: 2048 (order: 2, 16384 bytes)
[    2.223671] Mountpoint-cache hash table entries: 2048 (order: 2, 16384 bytes)
[    2.244873] Initializing cgroup subsys io
[    2.259588] Initializing cgroup subsys memory
[    2.274558] Initializing cgroup subsys devices
[    2.289502] Initializing cgroup subsys freezer
[    2.304245] Initializing cgroup subsys net_cls
[    2.319319] Initializing cgroup subsys perf_event
[    2.334735] Initializing cgroup subsys net_prio
[    2.350063] Initializing cgroup subsys hugetlb
[    2.365982] Initializing cgroup subsys pids
[    2.382972] mce: CPU supports 0 MCE banks
[    2.397196] Last level iTLB entries: 4KB 512, 2MB 8, 4MB 8
[    2.414231] Last level dTLB entries: 4KB 512, 2MB 0, 4MB 0, 1GB 4
[    2.433086] Spectre V1 : Mitigation: usercopy/swapgs barriers and __user pointer sanitization
[    2.460258] Spectre V2 : Mitigation: Full generic retpoline
[    2.477747] Spectre V2 : Spectre v2 / SpectreRSB mitigation: Filling RSB on context switch
[    2.504443] Speculative Store Bypass: Vulnerable
[    2.521058] MDS: Mitigation: Clear CPU buffers
[    2.607988] Freeing SMP alternatives memory: 36K
[    2.776029] ftrace: allocating 32380 entries in 127 pages
[    3.794566] smpboot: APIC(0) Converting physical 0 to logical package 0
[    3.814872] smpboot: Max logical packages: 1
[    3.834245] x2apic enabled
[    3.849993] Switched APIC routing to physical x2apic.
[    3.885156] ..TIMER: vector=0x30 apic1=0 pin1=2 apic2=-1 pin2=-1
[    4.013110] smpboot: CPU0: Intel(R) Xeon(R) CPU E5-2620 v2 @ 2.10GHz (family: 0x6, model: 0x3e, stepping: 0x4)
[    4.048528] Performance Events: unsupported p6 CPU model 62 no PMU driver, software events only.
[    4.234818] KVM setup paravirtual spinlock
[    4.250180] x86: Booting SMP configuration:
[    4.264479] .... node  #0, CPUs:      #1
[    4.279732] kvm-clock: cpu 1, msr 0:3ffe3041, secondary cpu clock
[    4.295137] mce: CPU supports 0 MCE banks
[    4.306544] x86: Booted up 1 node, 2 CPUs
[    4.323835] smpboot: Total of 2 processors activated (8400.00 BogoMIPS)
[    4.347224] devtmpfs: initialized
[    4.363172] evm: security.selinux
[    4.376144] evm: security.SMACK64
[    4.388248] evm: security.SMACK64EXEC
[    4.401189] evm: security.SMACK64TRANSMUTE
[    4.415389] evm: security.SMACK64MMAP
[    4.428380] evm: security.ima
[    4.439730] evm: security.capability
[    4.453191] clocksource: jiffies: mask: 0xffffffff max_cycles: 0xffffffff, max_idle_ns: 7645041785100000 ns
[    4.483365] futex hash table entries: 512 (order: 3, 32768 bytes)
[    4.502473] pinctrl core: initialized pinctrl subsystem
[    4.519791] RTC time:  9:11:31, date: 05/25/22
[    4.535163] NET: Registered protocol family 16
[    4.559934] cpuidle: using governor ladder
[    4.588337] cpuidle: using governor menu
[    4.601781] PCCT header not found.
[    4.614114] ACPI: bus type PCI registered
[    4.627683] acpiphp: ACPI Hot Plug PCI Controller Driver version: 0.5
[    4.647541] PCI: Using configuration type 1 for base access
[    4.683268] ACPI: Added _OSI(Module Device)
[    4.697370] ACPI: Added _OSI(Processor Device)
[    4.711914] ACPI: Added _OSI(3.0 _SCP Extensions)
[    4.727194] ACPI: Added _OSI(Processor Aggregator Device)
[    4.747572] ACPI: Executed 1 blocks of module-level executable AML code
[    4.776083] ACPI: Interpreter enabled
[    4.789170] ACPI: (supports S0 S5)
[    4.801612] ACPI: Using IOAPIC for interrupt routing
[    4.818162] PCI: Using host bridge windows from ACPI; if necessary, use "pci=nocrs" and report a bug
[    4.864152] ACPI: PCI Root Bridge [PCI0] (domain 0000 [bus 00-ff])
[    4.882894] acpi PNP0A03:00: _OSC: OS supports [ASPM ClockPM Segments MSI]
[    4.904104] acpi PNP0A03:00: _OSC: not requesting OS control; OS requires [ExtendedConfig ASPM ClockPM MSI]
[    4.934141] acpi PNP0A03:00: fail to add MMCONFIG information, can't access extended PCI configuration space under this bridge.
[    4.970599] PCI host bridge to bus 0000:00
[    4.984537] pci_bus 0000:00: root bus resource [io  0x0000-0x0cf7 window]
[    5.004362] pci_bus 0000:00: root bus resource [io  0x0d00-0xffff window]
[    5.024082] pci_bus 0000:00: root bus resource [mem 0x000a0000-0x000bffff window]
[    5.048943] pci_bus 0000:00: root bus resource [mem 0x40000000-0xfdffffff window]
[    5.073863] pci_bus 0000:00: root bus resource [bus 00-ff]
[    5.115063] pci 0000:00:01.1: legacy IDE quirk: reg 0x10: [io  0x01f0-0x01f7]
[    5.135592] pci 0000:00:01.1: legacy IDE quirk: reg 0x14: [io  0x03f6]
[    5.154796] pci 0000:00:01.1: legacy IDE quirk: reg 0x18: [io  0x0170-0x0177]
[    5.175491] pci 0000:00:01.1: legacy IDE quirk: reg 0x1c: [io  0x0376]
[    5.522779] pci 0000:00:07.0: quirk: [io  0x4000-0x403f] claimed by PIIX4 ACPI
[    5.547927] pci 0000:00:07.0: quirk: [io  0x4100-0x410f] claimed by PIIX4 SMB
[    5.813181] ACPI: PCI Interrupt Link [LNKA] (IRQs 5 9 10 *11)
[    5.842431] ACPI: PCI Interrupt Link [LNKB] (IRQs 5 9 *10 11)
[    5.870701] ACPI: PCI Interrupt Link [LNKC] (IRQs 5 *9 10 11)
[    5.897939] ACPI: PCI Interrupt Link [LNKD] (IRQs 5 9 10 *11)
[    5.925920] ACPI: Enabled 2 GPEs in block 00 to 07
[    5.948945] vgaarb: setting as boot device: PCI:0000:00:02.0
[    5.966364] vgaarb: device added: PCI:0000:00:02.0,decodes=io+mem,owns=io+mem,locks=none
[    5.992506] vgaarb: loaded
[    6.003185] vgaarb: bridge control possible 0000:00:02.0
[    6.021117] SCSI subsystem initialized
[    6.035605] ACPI: bus type USB registered
[    6.049674] usbcore: registered new interface driver usbfs
[    6.066489] usbcore: registered new interface driver hub
[    6.083121] usbcore: registered new device driver usb
[    6.101723] PCI: Using ACPI for IRQ routing
[    6.120046] NetLabel: Initializing
[    6.132449] NetLabel:  domain hash size = 128
[    6.147023] NetLabel:  protocols = UNLABELED CIPSOv4
[    6.162835] NetLabel:  unlabeled traffic allowed by default
[    6.180787] amd_nb: Cannot enumerate AMD northbridges
[    6.197215] clocksource: Switched to clocksource kvm-clock
[    6.232954] AppArmor: AppArmor Filesystem Enabled
[    6.247998] pnp: PnP ACPI init
[    6.264718] pnp: PnP ACPI: found 3 devices
[    6.323375] clocksource: acpi_pm: mask: 0xffffff max_cycles: 0xffffff, max_idle_ns: 2085701024 ns
[    6.360785] NET: Registered protocol family 2
[    6.383241] TCP established hash table entries: 8192 (order: 4, 65536 bytes)
[    6.410606] TCP bind hash table entries: 8192 (order: 5, 131072 bytes)
[    6.436111] TCP: Hash tables configured (established 8192 bind 8192)
[    6.461687] UDP hash table entries: 512 (order: 2, 16384 bytes)
[    6.485223] UDP-Lite hash table entries: 512 (order: 2, 16384 bytes)
[    6.510214] NET: Registered protocol family 1
[    6.529477] pci 0000:00:00.0: Limiting direct PCI/PCI transfers
[    6.553343] pci 0000:00:01.0: Activating ISA DMA hang workarounds
[    6.576421] Unpacking initramfs...
[    7.096115] Freeing initrd memory: 14888K
[    7.120844] RAPL PMU detected, API unit is 2^-32 Joules, 3 fixed counters 10737418240 ms ovfl timer
[    7.160664] hw unit of domain pp0-core 2^-0 Joules
[    7.186575] hw unit of domain package 2^-0 Joules
[    7.207591] hw unit of domain dram 2^-0 Joules
[    7.227712] clocksource: tsc: mask: 0xffffffffffffffff max_cycles: 0x1e4530a99b6, max_idle_ns: 440795257976 ns
[    7.269528] platform rtc_cmos: registered platform RTC device (no PNP device found)
[    7.304860] Scanning for low memory corruption every 60 seconds
[    7.330747] audit: initializing netlink subsys (disabled)
[    7.353570] audit: type=2000 audit(1653469899.645:1): initialized
[    7.380202] Initialise system trusted keyring
[    7.402330] HugeTLB registered 2 MB page size, pre-allocated 0 pages
[    7.433893] zbud: loaded
[    7.450088] VFS: Disk quotas dquot_6.6.0
[    7.468129] VFS: Dquot-cache hash table entries: 512 (order 0, 4096 bytes)
[    7.495409] squashfs: version 4.0 (2009/01/31) Phillip Lougher
[    7.520383] fuse init (API version 7.23)
[    7.538456] Key type big_key registered
[    7.556151] Allocating IMA MOK and blacklist keyrings.
[    7.587275] Key type asymmetric registered
[    7.607173] Asymmetric key parser 'x509' registered
[    7.626143] Block layer SCSI generic (bsg) driver version 0.4 loaded (major 249)
[    7.656340] io scheduler noop registered
[    7.674693] io scheduler deadline registered (default)
[    7.696535] io scheduler cfq registered
[    7.715113] pci_hotplug: PCI Hot Plug PCI Core version: 0.5
[    7.737860] pciehp: PCI Express Hot Plug Controller Driver version: 0.4
[    7.765107] ACPI: AC Adapter [AC] (on-line)
[    7.785695] input: Power Button as /devices/LNXSYSTM:00/LNXPWRBN:00/input/input0
[    7.814883] ACPI: Power Button [PWRF]
[    7.833580] input: Sleep Button as /devices/LNXSYSTM:00/LNXSLPBN:00/input/input1
[    7.866205] ACPI: Sleep Button [SLPF]
[    7.884900] GHES: HEST is not enabled!
[    7.903331] Serial: 8250/16550 driver, 32 ports, IRQ sharing enabled
[    7.969133] 00:02: ttyS0 at I/O 0x3f8 (irq = 4, base_baud = 115200) is a 16550A
[    8.025329] Linux agpgart interface v0.103
[    8.061600] loop: module loaded
[    8.083752] scsi host0: ata_piix
[    8.100962] scsi host1: ata_piix
[    8.116957] ata1: PATA max UDMA/33 cmd 0x1f0 ctl 0x3f6 bmdma 0xd000 irq 14
[    8.143184] ata2: PATA max UDMA/33 cmd 0x170 ctl 0x376 bmdma 0xd008 irq 15
[    8.170191] libphy: Fixed MDIO Bus: probed
[    8.188865] tun: Universal TUN/TAP device driver, 1.6
[    8.210218] tun: (C) 1999-2004 Max Krasnyansky <maxk@qualcomm.com>
[    8.234820] PPP generic driver version 2.4.2
[    8.254341] ehci_hcd: USB 2.0 'Enhanced' Host Controller (EHCI) Driver
[    8.277181] ehci-pci: EHCI PCI platform driver
[    8.293586] ehci-platform: EHCI generic platform driver
[    8.311532] ohci_hcd: USB 1.1 'Open' Host Controller (OHCI) Driver
[    8.331690] ohci-pci: OHCI PCI platform driver
[    8.348131] ohci-platform: OHCI generic platform driver
[    8.366372] uhci_hcd: USB Universal Host Controller Interface driver
[    8.388087] i8042: PNP: PS/2 Controller [PNP0303:PS2K,PNP0f03:PS2M] at 0x60,0x64 irq 1,12
[    8.423635] serio: i8042 KBD port at 0x60,0x64 irq 1
[    8.441340] serio: i8042 AUX port at 0x60,0x64 irq 12
[    8.458402] mousedev: PS/2 mouse device common for all mice
[    8.478344] input: AT Translated Set 2 keyboard as /devices/platform/i8042/serio0/input/input2
[    8.510177] rtc_cmos rtc_cmos: rtc core: registered rtc_cmos as rtc0
[    8.530420] rtc_cmos rtc_cmos: alarms up to one day, 114 bytes nvram
[    8.549551] i2c /dev entries driver
[    8.562369] device-mapper: uevent: version 1.0.3
[    8.578160] device-mapper: ioctl: 4.34.0-ioctl (2015-10-28) initialised: dm-devel@redhat.com
[    8.605755] ledtrig-cpu: registered to indicate activity on CPUs
[    8.627467] NET: Registered protocol family 10
[    8.644491] NET: Registered protocol family 17
[    8.660567] Key type dns_resolver registered
[    8.683686] registered taskstats version 1
[    8.702039] Loading compiled-in X.509 certificates
[    8.724615] Loaded X.509 cert 'Build time autogenerated kernel key: cf00e047681d67edb2720680708b7d9498083038'
[    8.765147] zswap: loaded using pool lzo/zbud
[    8.794707] Key type trusted registered
[    8.834015] Key type encrypted registered
[    8.852729] AppArmor: AppArmor sha1 policy hashing enabled
[    8.875755] ima: No TPM chip found, activating TPM-bypass!
[    8.898871] ima: Allocated hash algorithm: sha1
[    8.919257] evm: HMAC attrs: 0x1
[    8.943433]   Magic number: 6:442:172
[    8.962177] rtc_cmos rtc_cmos: setting system clock to 2022-05-25 09:11:36 UTC (1653469896)
[    8.999037] BIOS EDD facility v0.16 2004-Jun-25, 0 devices found
[    9.023712] EDD information not available.
[    9.051768] Freeing unused kernel memory: 1492K
[    9.071679] Write protecting the kernel read-only data: 14336k
[    9.101396] Freeing unused kernel memory: 1584K
[    9.122143] Freeing unused kernel memory: 52K
Loading, please wait...
starting version 229
[    9.208232] random: systemd-udevd: uninitialized urandom read (16 bytes read, 4 bits of entropy available)
[    9.213611] random: udevadm: uninitialized urandom read (16 bytes read, 4 bits of entropy available)
[    9.213731] random: udevadm: uninitialized urandom read (16 bytes read, 4 bits of entropy available)
[    9.270119] random: udevadm: uninitialized urandom read (16 bytes read, 4 bits of entropy available)
[    9.270363] random: udevadm: uninitialized urandom read (16 bytes read, 4 bits of entropy available)
[    9.271021] random: udevadm: uninitialized urandom read (16 bytes read, 4 bits of entropy available)
[    9.271229] random: udevadm: uninitialized urandom read (16 bytes read, 4 bits of entropy available)
[    9.271514] random: udevadm: uninitialized urandom read (16 bytes read, 4 bits of entropy available)
[    9.271775] random: udevadm: uninitialized urandom read (16 bytes read, 4 bits of entropy available)
[    9.272020] random: udevadm: uninitialized urandom read (16 bytes read, 4 bits of entropy available)
[    9.668188] e1000: Intel(R) PRO/1000 Network Driver - version 7.3.21-k8-NAPI
[    9.694817] e1000: Copyright (c) 1999-2006 Intel Corporation.
[    9.721898] Fusion MPT base driver 3.04.20
[    9.739359] Copyright (c) 1999-2008 LSI Corporation
[    9.869735] AVX version of gcm_enc/dec engaged.
[    9.890031] AES CTR mode by8 optimization enabled
[    9.917449] Fusion MPT SPI Host driver 3.04.20
[   10.040684] input: ImExPS/2 Generic Explorer Mouse as /devices/platform/i8042/serio1/input/input4
[   11.157565] e1000 0000:00:03.0 eth0: (PCI:33MHz:32-bit) 02:be:82:6b:cc:1d
[   11.179113] e1000 0000:00:03.0 eth0: Intel(R) PRO/1000 Network Connection
[   12.488513] e1000 0000:00:08.0 eth1: (PCI:33MHz:32-bit) 08:00:27:df:52:85
[   12.509444] e1000 0000:00:08.0 eth1: Intel(R) PRO/1000 Network Connection
[   13.831951] e1000 0000:00:09.0 eth2: (PCI:33MHz:32-bit) 08:00:27:39:26:dc
[   13.852661] e1000 0000:00:09.0 eth2: Intel(R) PRO/1000 Network Connection
[   15.139980] e1000 0000:00:0a.0 eth3: (PCI:33MHz:32-bit) 08:00:27:c0:28:18
[   15.160867] e1000 0000:00:0a.0 eth3: Intel(R) PRO/1000 Network Connection
[   16.488524] e1000 0000:00:10.0 eth4: (PCI:33MHz:32-bit) 08:00:27:99:87:44
[   16.509690] e1000 0000:00:10.0 eth4: Intel(R) PRO/1000 Network Connection
[   16.539333] e1000 0000:00:03.0 enp0s3: renamed from eth0
[   16.541419] mptbase: ioc0: Initiating bringup
[   16.594114] e1000 0000:00:10.0 enp0s16: renamed from eth4
[   16.621886] e1000 0000:00:08.0 enp0s8: renamed from eth1
[   16.647820] ioc0: LSI53C1030 A0: Capabilities={Initiator}
[   16.894001] e1000 0000:00:09.0 enp0s9: renamed from eth2
[   16.929655] e1000 0000:00:0a.0 enp0s10: renamed from eth3
[   18.264420] scsi host2: ioc0: LSI53C1030 A0, FwRev=00000000h, Ports=1, MaxQ=256, IRQ=20
[   19.344435] scsi 2:0:0:0: Direct-Access     VBOX     HARDDISK         1.0  PQ: 0 ANSI: 5
[   19.371018] scsi target2:0:0: Beginning Domain Validation
[   19.397198] scsi target2:0:0: Domain Validation skipping write tests
[   19.416717] scsi target2:0:0: Ending Domain Validation
[   19.433714] scsi target2:0:0: asynchronous
[   19.451832] scsi 2:0:1:0: Direct-Access     VBOX     HARDDISK         1.0  PQ: 0 ANSI: 5
[   19.478579] scsi target2:0:1: Beginning Domain Validation
[   19.505156] scsi target2:0:1: Domain Validation skipping write tests
[   19.524406] scsi target2:0:1: Ending Domain Validation
[   19.543845] scsi target2:0:1: asynchronous
[   19.598485] sd 2:0:0:0: Attached scsi generic sg0 type 0
[   19.620145] sd 2:0:0:0: [sda] 83886080 512-byte logical blocks: (42.9 GB/40.0 GiB)
[   19.620498] sd 2:0:1:0: Attached scsi generic sg1 type 0
[   19.621489] sd 2:0:1:0: [sdb] 20480 512-byte logical blocks: (10.5 MB/10.0 MiB)
[   19.622613] sd 2:0:1:0: [sdb] Write Protect is off
[   19.623328] sd 2:0:1:0: [sdb] Incomplete mode parameter data
[   19.623332] sd 2:0:1:0: [sdb] Assuming drive cache: write through
[   19.634153] sd 2:0:1:0: [sdb] Attached SCSI disk
[   19.777793] sd 2:0:0:0: [sda] Write Protect is off
[   19.798839] sd 2:0:0:0: [sda] Incomplete mode parameter data
[   19.821721] sd 2:0:0:0: [sda] Assuming drive cache: write through
[   19.852597]  sda: sda1
[   19.870188] sd 2:0:0:0: [sda] Attached SCSI disk
Begin: Loading essential drivers ... [   26.159940] md: linear personality registered for level -1
[   26.186927] md: multipath personality registered for level -4
[   26.219060] md: raid0 personality registered for level 0
[   26.265721] md: raid1 personality registered for level 1
[   26.365408] raid6: sse2x1   gen()  3432 MB/s
[   26.449394] raid6: sse2x1   xor()  3614 MB/s
[   26.533391] raid6: sse2x2   gen()  7466 MB/s
[   26.613417] raid6: sse2x2   xor()  5275 MB/s
[   26.693424] raid6: sse2x4   gen()  8583 MB/s
[   26.773396] raid6: sse2x4   xor()  6357 MB/s
[   26.787945] raid6: using algorithm sse2x4 gen() 8583 MB/s
[   26.805352] raid6: .... xor() 6357 MB/s, rmw enabled
[   26.821553] raid6: using ssse3x2 recovery algorithm
[   26.841441] xor: automatically using best checksumming function:
[   27.657411]    avx       : 927421.000 MB/sec
[   27.687078] async_tx: api initialized (async)
[   27.810158] md: raid6 personality registered for level 6
[   27.832005] md: raid5 personality registered for level 5
[   27.853995] md: raid4 personality registered for level 4
[   27.923035] md: raid10 personality registered for level 10
done.
Begin: Running /scripts/init-premount ... done.
Begin: Mounting root file system ... Begin: Running /scripts/local-top ... done.
Begin: Running /scripts/local-premount ... [   28.131767] Btrfs loaded
Scanning for Btrfs filesystems
done.
Warning: fsck not present, so skipping root file system
[   28.263776] EXT4-fs (sda1): mounted filesystem with ordered data mode. Opts: (null)
done.
Begin: Running /scripts/local-bottom ... done.
Begin: Running /scripts/init-bottom ... done.
[   28.636836] systemd[1]: systemd 229 running in system mode. (+PAM +AUDIT +SELINUX +IMA +APPARMOR +SMACK +SYSVINIT +UTMP +LIBCRYPTSETUP +GCRYPT +GNUTLS +ACL +XZ -LZ4 +SECCOMP +BLKID +ELFUTILS +KMOD -IDN)
[   28.690412] systemd[1]: Detected virtualization oracle.
[   28.706585] systemd[1]: Detected architecture x86-64.

Welcome to [1mUbuntu 16.04.7 LTS[0m!

[   28.741132] systemd[1]: Set hostname to <ubuntu>.
[   28.764824] systemd[1]: Initializing machine ID from random generator.
[   28.783902] systemd[1]: Installed transient /etc/machine-id file.
[   29.248682] random: nonblocking pool is initialized
[   29.338870] systemd[1]: Listening on Journal Audit Socket.
[[0;32m  OK  [0m] Listening on Journal Audit Socket.
[   29.378772] systemd[1]: Listening on Device-mapper event daemon FIFOs.
[[0;32m  OK  [0m] Listening on Device-mapper event daemon FIFOs.
[   29.419790] systemd[1]: Reached target Swap.
[[0;32m  OK  [0m] Reached target Swap.
[   29.446358] systemd[1]: Listening on Journal Socket.
[[0;32m  OK  [0m] Listening on Journal Socket.
[   29.477928] systemd[1]: Started Forward Password Requests to Wall Directory Watch.
[[0;32m  OK  [0m] Started Forward Password Requests to Wall Directory Watch.
[   29.521077] systemd[1]: Listening on LVM2 poll daemon socket.
[[0;32m  OK  [0m] Listening on LVM2 poll daemon socket.
[   29.552982] systemd[1]: Set up automount Arbitrary Executable File Formats File System Automount Point.
[[0;32m  OK  [0m] Set up automount Arbitrary Executab...ats File System Automount Point.
[   29.600093] systemd[1]: Listening on udev Control Socket.
[[0;32m  OK  [0m] Listening on udev Control Socket.
[   29.630857] systemd[1]: Created slice User and Session Slice.
[[0;32m  OK  [0m] Created slice User and Session Slice.
[   29.662811] systemd[1]: Reached target User and Group Name Lookups.
[[0;32m  OK  [0m] Reached target User and Group Name Lookups.
[   29.696338] systemd[1]: Listening on udev Kernel Socket.
[[0;32m  OK  [0m] Listening on udev Kernel Socket.
[   29.726179] systemd[1]: Reached target System Time Synchronized.
[[0;32m  OK  [0m] Reached target System Time Synchronized.
[   29.760559] systemd[1]: Listening on Journal Socket (/dev/log).
[[0;32m  OK  [0m] Listening on Journal Socket (/dev/log).
[   29.803121] systemd[1]: Created slice System Slice.
[[0;32m  OK  [0m] Created slice System Slice.
[   29.862195] systemd[1]: Starting Set console keymap...
         Starting Set console keymap...
[   29.902025] systemd[1]: Starting Create list of required static device nodes for the current kernel...
         Starting Create list of required st... nodes for the current kernel...
[   29.963923] systemd[1]: Mounting Huge Pages File System...
         Mounting Huge Pages File System...
[   30.007799] systemd[1]: Mounting POSIX Message Queue File System...
         Mounting POSIX Message Queue File System...
[   30.049487] systemd[1]: Starting Uncomplicated firewall...
         Starting Uncomplicated firewall...
[   30.083906] systemd[1]: Starting Nameserver information manager...
         Starting Nameserver information manager...
[   30.118909] systemd[1]: Listening on fsck to fsckd communication Socket.
[[0;32m  OK  [0m] Listening on fsck to fsckd communication Socket.
[   30.165788] systemd[1]: Starting File System Check on Root Device...
         Starting File System Check on Root Device...
[   30.205882] systemd[1]: Listening on /dev/initctl Compatibility Named Pipe.
[[0;32m  OK  [0m] Listening on /dev/initctl Compatibility Named Pipe.
[   30.257803] systemd[1]: Starting Load Kernel Modules...
         Starting Load Kernel Modules...
[   30.289519] systemd[1]: Listening on LVM2 metadata daemon socket.
[   30.314192] Loading iSCSI transport class v2.0-870.
[[0;32m  OK  [0m] Listening on LVM2 metadata daemon socket.
[   30.346861] systemd[1]: Starting Monitoring of LVM2 mirrors, snapshots etc. using dmeventd or progress polling...
         Starting Monitoring of LVM2 mirrors... dmeventd or progress polling...
[   30.410328] systemd[1]: Created slice system-serial\x2dgetty.slice.
[[0;32m  OK  [0m] Created slice system-serial\x2dgetty.slice.
[   30.449374] iscsi: registered transport (tcp)
[   30.450036] systemd[1]: Reached target Slices.
[[0;32m  OK  [0m] Reached target Slices.
[   30.529621] systemd[1]: Mounting Debug File System...
         Mounting Debug File System...
[   30.559567] systemd[1]: Started Trigger resolvconf update for networkd DNS.
[[0;32m  OK  [0m] Started Trigger resolvconf update for networkd DNS.
[   30.598770] systemd[1]: Listening on Syslog Socket.
[[0;32m  OK  [0m] Listening on Syslog Socket.
[   30.666606] systemd[1]: Starting Journal Service...
         Starting Journal Service...
[   30.703747] systemd[1]: Reached target Encrypted Volumes.
[[0;32m  OK  [0m] Reached target Encrypted Volumes.
[   30.748345] iscsi: registered transport (iser)
[   30.852008] systemd[1]: Mounted Huge Pages File System.
[[0;32m  OK  [0m] Mounted Huge Pages File System.
[   30.893691] systemd[1]: Mounted POSIX Message Queue File System.
[[0;32m  OK  [0m] Mounted POSIX Message Queue File System.
[   30.938067] systemd[1]: Mounted Debug File System.
[[0;32m  OK  [0m] Mounted Debug File System.
[   30.974820] systemd[1]: Started Journal Service.
[[0;32m  OK  [0m] Started Journal Service.
[[0;32m  OK  [0m] Started Set console keymap.
[[0;32m  OK  [0m] Started Create list of required sta...ce nodes for the current kernel.
[[0;32m  OK  [0m] Started Uncomplicated firewall.
[[0;32m  OK  [0m] Started File System Check on Root Device.
[[0;32m  OK  [0m] Started Load Kernel Modules.
[[0;32m  OK  [0m] Started Nameserver information manager.
[[0;32m  OK  [0m] Started File System Check Daemon to report status.
[[0;32m  OK  [0m] Started LVM2 metadata daemon.
         Starting Apply Kernel Variables...
         Mounting FUSE Control File System...
         Starting Remount Root and Kernel File Systems...
         Starting Create Static Device Nodes in /dev...
[[0;32m  OK  [0m] Mounted FUSE Control File System.
[[0;32m  OK  [0m] Started Apply Kernel Variables.
[[0;32m  OK  [0m] Started Remount Root and Kernel File Systems.
[[0;32m  OK  [0m] Started Create Static Device Nodes in /dev.
         Starting udev Kernel Device Manager...
         Starting udev Coldplug all Devices...
         Starting Load/Save Random Seed...
         Starting Flush Journal to Persistent Storage...
[[0;32m  OK  [0m] Started udev Kernel Device Manager.
[[0;32m  OK  [0m] Started Load/Save Random Seed.
[[0;32m  OK  [0m] Started Flush Journal to Persistent Storage.
[[0;32m  OK  [0m] Started Monitoring of LVM2 mirrors,...ng dmeventd or progress polling.
[[0;32m  OK  [0m] Reached target Local File Systems (Pre).
[[0;32m  OK  [0m] Reached target Local File Systems.
         Starting Set console font and keymap...
         Starting Commit a transient machine-id on disk...
         Starting Initial cloud-init job (pre-networking)...
         Starting LSB: AppArmor initialization...
         Starting Create Volatile Files and Directories...
         Starting Tell Plymouth To Write Out Runtime Data...
[[0;32m  OK  [0m] Started udev Coldplug all Devices.
[[0;32m  OK  [0m] Started Commit a transient machine-id on disk.
[[0;32m  OK  [0m] Started Create Volatile Files and Directories.
[[0;32m  OK  [0m] Started Tell Plymouth To Write Out Runtime Data.
[[0;32m  OK  [0m] Found device /dev/ttyS0.
[   31.464649] cloud-init[506]: Cloud-init v. 21.1-19-gbad84ad4-0ubuntu1~16.04.2 running 'init-local' at Wed, 25 May 2022 09:12:02 +0000. Up 30.17 seconds.
[[0;32m  OK  [0m] Started Initial cloud-init job (pre-networking).
[[0;32m  OK  [0m] Listening on Load/Save RF Kill Switch Status /dev/rfkill Watch.
[[0;32m  OK  [0m] Reached target Network (Pre).
         Starting Update UTMP about System Boot/Shutdown...
[[0;32m  OK  [0m] Started Dispatch Password Requests to Console Directory Watch.
[[0;32m  OK  [0m] Started LSB: AppArmor initialization.
         Starting Load AppArmor profiles managed internally by snapd...
         Starting Raise network interfaces...
[[0;32m  OK  [0m] Started Load AppArmor profiles managed internally by snapd.
[[0;32m  OK  [0m] Started Update UTMP about System Boot/Shutdown.
[[0;32m  OK  [0m] Started Set console font and keymap.
[[0;32m  OK  [0m] Created slice system-getty.slice.
[[0;32m  OK  [0m] Started Raise network interfaces.
[[0;32m  OK  [0m] Reached target Network.
         Starting Initial cloud-init job (metadata service crawler)...
[   47.123497] cloud-init[1008]: Cloud-init v. 21.1-19-gbad84ad4-0ubuntu1~16.04.2 running 'init' at Wed, 25 May 2022 09:12:18 +0000. Up 45.93 seconds.
[   47.151827] cloud-init[1008]: ci-info: +++++++++++++++++++++++++++++++++++++++Net device info+++++++++++++++++++++++++++++++++++++++
[   47.177441] cloud-init[1008]: ci-info: +---------+-------+----------------------------+---------------+--------+-------------------+
[   47.203500] cloud-init[1008]: ci-info: |  Device |   Up  |          Address           |      Mask     | Scope  |     Hw-Address    |
[   47.228963] cloud-init[1008]: ci-info: +---------+-------+----------------------------+---------------+--------+-------------------+
[   47.255698] cloud-init[1008]: ci-info: | enp0s10 | False |             .              |       .       |   .    | 08:00:27:c0:28:18 |
[   47.280797] cloud-init[1008]: ci-info: | enp0s16 | False |             .              |       .       |   .    | 08:00:27:99:87:44 |
[   47.305314] cloud-init[1008]: ci-info: |  enp0s3 |  True |         10.0.2.15          | 255.255.255.0 | global | 02:be:82:6b:cc:1d |
[   47.332188] cloud-init[1008]: ci-info: |  enp0s3 |  True | fe80::be:82ff:fe6b:cc1d/64 |       .       |  link  | 02:be:82:6b:cc:1d |
[   47.356118] cloud-init[1008]: ci-info: |  enp0s8 | False |             .              |       .       |   .    | 08:00:27:df:52:85 |
[   47.382545] cloud-init[1008]: ci-info: |  enp0s9 | False |             .              |       .       |   .    | 08:00:27:39:26:dc |
[   47.408530] cloud-init[1008]: ci-info: |    lo   |  True |         127.0.0.1          |   255.0.0.0   |  host  |         .         |
[   47.434663] cloud-init[1008]: ci-info: |    lo   |  True |          ::1/128           |       .       |  host  |         .         |
[   47.460726] cloud-init[1008]: ci-info: +---------+-------+----------------------------+---------------+--------+-------------------+
[   47.484881] cloud-init[1008]: ci-info: +++++++++++++++++++++++++++Route IPv4 info++++++++++++++++++++++++++++
[   47.510716] cloud-init[1008]: ci-info: +-------+-------------+----------+---------------+-----------+-------+
[   47.532125] cloud-init[1008]: ci-info: | Route | Destination | Gateway  |    Genmask    | Interface | Flags |
[   47.554300] cloud-init[1008]: ci-info: +-------+-------------+----------+---------------+-----------+-------+
[   47.575349] cloud-init[1008]: ci-info: |   0   |   0.0.0.0   | 10.0.2.2 |    0.0.0.0    |   enp0s3  |   UG  |
[   47.603983] cloud-init[1008]: ci-info: |   1   |   10.0.2.0  | 0.0.0.0  | 255.255.255.0 |   enp0s3  |   U   |
[[   47.629428] cloud-init[1008]: ci-info: +-------+-------------+----------+---------------+-----------+-------+
[0;32m  OK  [0m[   47.650962] cloud-init[1008]: ci-info: +++++++++++++++++++Route IPv6 info+++++++++++++++++++
] [   47.673178] cloud-init[1008]: ci-info: +-------+-------------+---------+-----------+-------+
Started Initial cloud-init job (metadata service crawler).[   47.692582] cloud-init[1008]: ci-info: | Route | Destination | Gateway | Interface | Flags |

[[0;32m  OK  [0m[   47.720247] cloud-init[1008]: ci-info: +-------+-------------+---------+-----------+-------+
[   47.746969] cloud-init[1008]: ci-info: |   0   |  fe80::/64  |    ::   |   enp0s3  |   U   |
] [   47.763647] cloud-init[1008]: ci-info: |   3   |   ff00::/8  |    ::   |   enp0s3  |   U   |
Reached target Cloud-config availability.[   47.781398] cloud-init[1008]: ci-info: +-------+-------------+---------+-----------+-------+
[   47.794158] cloud-init[1008]: Generating public/private rsa key pair.
[   47.815757] cloud-init[1008]: Your identification has been saved in /etc/ssh/ssh_host_rsa_key.

[   47.832543] cloud-init[1008]: Your public key has been saved in /etc/ssh/ssh_host_rsa_key.pub.
[   47.852745] cloud-init[1008]: The key fingerprint is:
[   47.856403] cloud-init[1008]: SHA256:2fgPt20wbHLXjUr+DlTNqtBW9FV98fU+0VGDfRKS4Yo root@ubuntu-xenial
[   47.868868] cloud-init[1008]: The key's randomart image is:
[   47.886567] cloud-init[1008]: +---[RSA 2048]----+
[   47.886765] cloud-init[1008]: |            oo==X|
[   47.904784] cloud-init[1008]: |           ..+.=%|
[   47.911889] cloud-init[1008]: |            . ooX|
[   47.917944] cloud-init[1008]: |         = o o o.|
[   47.918208] cloud-init[1008]: |        E +.+ .+o|
[   47.930166] cloud-init[1008]: |         ..+B.o +|
[   47.946920] cloud-init[1008]: |          o*+=   |
[   47.947430] cloud-init[1008]: |           +o+.  |
[   47.947626] cloud-init[1008]: |            o++  |
[   47.974171] cloud-init[1008]: +----[SHA256]-----+
[   47.977530] cloud-init[1008]: Generating public/private dsa key pair.
[   47.977690] cloud-init[1008]: Your identification has been saved in /etc/ssh/ssh_host_dsa_key.
[[0;32m  OK  [0m] Reached target System Initialization.
[   48.012656] cloud-init[1008]: Your public key has been saved in /etc/ssh/ssh_host_dsa_key.pub.
[[0;32m  OK  [0m] Started Daily apt download activities.
[   48.054180] cloud-init[1008]: The key fingerprint is:
[[   48.083533] [0;32m  OK  [0mcloud-init] [1008]: Listening on D-Bus System Message Bus Socket.
SHA256:3SAMaAsxmyVNmDUml/XZVQGOqxRg+BhFByjCBY6QMcM root@ubuntu-xenial
[[   48.117324] cloud-init[1008]: The key's randomart image is:
[   48.121697] cloud-init[1008]: +---[DSA 1024]----+
[   48.124239] cloud-init[1008]: |B+BOBOO..   ooo. |
[   48.136907] cloud-init[1008]: |*E=XOo * o +     |
[   48.151173] cloud-init[1008]: |.oo+ =  * + .    |
[   48.157259] cloud-init[1008]: |    o .  + +     |
[   48.169446] cloud-init[1008]: |        S o .    |
[   48.174168] cloud-init[1008]: |       . .       |
[   48.189858] cloud-init[1008]: |        .        |
[   48.189994] cloud-init[1008]: |                 |
[   48.218459] cloud-init[1008]: |                 |
[   48.218625] cloud-init[1008]: +----[SHA256]-----+
[   48.218752] cloud-init[1008]: Generating public/private ecdsa key pair.
[   48.218945] cloud-init[1008]: Your identification has been saved in /etc/ssh/ssh_host_ecdsa_key.
[   48.227265] cloud-init[1008]: Your public key has been saved in /etc/ssh/ssh_host_ecdsa_key.pub.
[   48.271297] cloud-init[1008]: The key fingerprint is:
[   48.286445] cloud-init[1008]: SHA256:t9X9zsFsxmPrU7wuBTjB427Djk4NWBtc/KO2k8HjmOQ root@ubuntu-xenial
[   48.286848] cloud-init[1008]: The key's randomart image is:
[   48.287204] cloud-init[1008]: +---[ECDSA 256]---+
[   48.325710] cloud-init[1008]: |          o.     |
[   48.326121] cloud-init[1008]: |        . .=     |
[   48.335312] cloud-init[1008]: |         +. =    |
[   48.347152] cloud-init[1008]: |        o o+ = . |
[   48.352750] cloud-init[1008]: |       .So= + +..|
[   48.358741] cloud-init[1008]: |         oo&  +.+|
[   48.374595] cloud-init[1008]: |        o.X.* .X+|
[   48.375173] cloud-init[1008]: |        .E * .+=+|
[   48.379765] cloud-init[1008]: |        ..  . +++|
[   48.393167] cloud-init[1008]: +----[SHA256]-----+
[   48.393700] cloud-init[1008]: Generating public/private ed25519 key pair.
[   48.395228] cloud-init[1008]: Your identification has been saved in /etc/ssh/ssh_host_ed25519_key.
[   48.433779] cloud-init[1008]: Your public key has been saved in /etc/ssh/ssh_host_ed25519_key.pub.
[   48.434273] cloud-init[1008]: The key fingerprint is:
[   48.453238] cloud-init[1008]: SHA256:wrIgj6jJZbo1lYJUknQUW6AsfNYmRgGvsr69mE8cXpc root@ubuntu-xenial
[   48.458187] cloud-init[1008]: The key's randomart image is:
[   48.479041] cloud-init[1008]: +--[ED25519 256]--+
[   48.479182] cloud-init[1008]: |.++O+.           |
[   48.483679] cloud-init[1008]: |o.B +            |
[   48.502874] cloud-init[1008]: |.= B o           |
[   48.502962] cloud-init[1008]: |o * o.. .        |
[   48.503180] cloud-init[1008]: |oo.o.+oES        |
[   48.503697] cloud-init[1008]: |o=o.=o..         |
[   48.504341] cloud-init[1008]: |+ .O.            |
[   48.504557] cloud-init[1008]: |+.X .            |
[   48.504687] cloud-init[1008]: |oO++.            |
[   48.504793] cloud-init[1008]: +----[SHA256]-----+
[0;32m  OK  [0m] Started Daily apt upgrade and clean activities.
[[0;32m  OK  [0m] Started Daily Cleanup of Temporary Directories.
[[0;32m  OK  [0m] Started Ubuntu Advantage update messaging.
         Starting LXD - unix socket.
[[0;32m  OK  [0m] Started Message of the Day.
         Starting Socket activation for snappy daemon.
[[0;32m  OK  [0m] Reached target Timers.
[[0;32m  OK  [0m] Listening on ACPID Listen Socket.
[[0;32m  OK  [0m] Started ACPI Events Check.
[[0;32m  OK  [0m] Reached target Paths.
[[0;32m  OK  [0m] Listening on UUID daemon activation socket.
[[0;32m  OK  [0m] Reached target Network is Online.
         Starting iSCSI initiator daemon (iscsid)...
[[0;32m  OK  [0m] Listening on LXD - unix socket.
[[0;32m  OK  [0m] Listening on Socket activation for snappy daemon.
[[0;32m  OK  [0m] Reached target Sockets.
[[0;32m  OK  [0m] Reached target Basic System.
         Starting Accounts Service...
         Starting LSB: MD monitoring daemon...
[[0;32m  OK  [0m] Started D-Bus System Message Bus.
[[0;32m  OK  [0m] Started FUSE filesystem for LXC.
         Starting Pollinate to seed the pseudo random number generator...
         Starting Virtualbox guest utils...
[[0;32m  OK  [0m] Started Deferred execution scheduler.
[[0;32m  OK  [0m] Started Regular background program processing daemon.
[[0;32m  OK  [0m] Started ACPI event daemon.
         Starting LSB: Record successful boot for GRUB...
         Starting System Logging Service...
         Starting /etc/rc.local Compatibility...
         Starting Snap Daemon...
         Starting Login Service...
         Starting LXD - container startup/shutdown...
[[0;32m  OK  [0m] Started iSCSI initiator daemon (iscsid).
[[0;32m  OK  [0m] Started /etc/rc.local Compatibility.
[[0;32m  OK  [0m] Started System Logging Service.
         Starting Authenticate and Authorize Users to Run Privileged Tasks...
         Starting Login to default iSCSI targets...
[[0;32m  OK  [0m] Started Login Service.
[[0;32m  OK  [0m] Started Unattended Upgrades Shutdown.
[[0;32m  OK  [0m] Started LSB: Record successful boot for GRUB.
[[0;32m  OK  [0m] Started LSB: MD monitoring daemon.
[[0;32m  OK  [0m] Started Login to default iSCSI targets.
[[0;32m  OK  [0m] Reached target Remote File Systems (Pre).
[[0;32m  OK  [0m] Reached target Remote File Systems.
         Starting LSB: daemon to balance interrupts for SMP systems...
         Starting Permit User Sessions...
         Starting LSB: automatic crash report generation...
         Starting LSB: Set the CPU Frequency Scaling governor to "ondemand"...
[[0;32m  OK  [0m] Started Permit User Sessions.
[[0;32m  OK  [0m] Started Authenticate and Authorize Users to Run Privileged Tasks.
         Starting Terminate Plymouth Boot Screen...
         Starting Hold until boot process finishes up...
[[0;32m  OK  [0m] Started Terminate Plymouth Boot Screen.
[[0;32m  OK  [0m] Started Hold until boot process finishes up.
[[0;32m  OK  [0m] Started LXD - container startup/shutdown.
[[0;32m  OK  [0m] Started Accounts Service.
         Starting Set console scheme...
[[0;32m  OK  [0m] Started Serial Getty on ttyS0.
[[0;32m  OK  [0m] Started Getty on tty1.
[[0;32m  OK  [0m] Reached target Login Prompts.
[[0;32m  OK  [0m] Started LSB: daemon to balance interrupts for SMP systems.
[[0;32m  OK  [0m] Started LSB: automatic crash report generation.
[[0;32m  OK  [0m] Started LSB: Set the CPU Frequency Scaling governor to "ondemand".
[[0;32m  OK  [0m] Started Set console scheme.
[[0;32m  OK  [0m] Started Virtualbox guest utils.
[[0;32m  OK  [0m] Started Pollinate to seed the pseudo random number generator.
         Starting OpenBSD Secure Shell server...
[[0;32m  OK  [0m] Started Snap Daemon.
         Starting Wait until snapd is fully seeded...
[[0;32m  OK  [0m] Started OpenBSD Secure Shell server.
[[0;32m  OK  [0m] Created slice User Slice of vagrant.
[[0;32m  OK  [0m] Started Session 1 of user vagrant.
         Starting User Manager for UID 1000...
[[0;32m  OK  [0m] Started User Manager for UID 1000.
[[0;32m  OK  [0m] Started Wait until snapd is fully seeded.
         Starting Apply the settings specified in cloud-config...
[[0;32m  OK  [0m] Reached target Multi-User System.
[[0;32m  OK  [0m] Reached target Graphical Interface.
         Starting Update UTMP about System Runlevel Changes...
[[0;32m  OK  [0m] Started Update UTMP about System Runlevel Changes.
[   55.138441] cloud-init[1448]: Generating locales (this might take a while)...

Ubuntu 16.04.7 LTS ubuntu-xenial ttyS0

ubuntu-xenial login: [   57.250264] cloud-init[1448]:   en_US.UTF-8... done
[   57.266921] cloud-init[1448]: Generation complete.
[   58.528679] cloud-init[1448]: Cloud-init v. 21.1-19-gbad84ad4-0ubuntu1~16.04.2 running 'modules:config' at Wed, 25 May 2022 09:12:26 +0000. Up 54.77 seconds.
ci-info: no authorized SSH keys fingerprints found for user ubuntu.
<14>May 25 09:12:31 ec2: 
<14>May 25 09:12:31 ec2: #############################################################
<14>May 25 09:12:31 ec2: -----BEGIN SSH HOST KEY FINGERPRINTS-----
<14>May 25 09:12:31 ec2: 1024 SHA256:3SAMaAsxmyVNmDUml/XZVQGOqxRg+BhFByjCBY6QMcM root@ubuntu-xenial (DSA)
<14>May 25 09:12:31 ec2: 256 SHA256:t9X9zsFsxmPrU7wuBTjB427Djk4NWBtc/KO2k8HjmOQ root@ubuntu-xenial (ECDSA)
<14>May 25 09:12:31 ec2: 256 SHA256:wrIgj6jJZbo1lYJUknQUW6AsfNYmRgGvsr69mE8cXpc root@ubuntu-xenial (ED25519)
<14>May 25 09:12:31 ec2: 2048 SHA256:2fgPt20wbHLXjUr+DlTNqtBW9FV98fU+0VGDfRKS4Yo root@ubuntu-xenial (RSA)
<14>May 25 09:12:31 ec2: -----END SSH HOST KEY FINGERPRINTS-----
<14>May 25 09:12:31 ec2: #############################################################
-----BEGIN SSH HOST KEY KEYS-----
ecdsa-sha2-nistp256 AAAAE2VjZHNhLXNoYTItbmlzdHAyNTYAAAAIbmlzdHAyNTYAAABBBAh6HNW9Gt2CIi4BB9gpXFMvZDR6hWBPHiDV6gyi4zdYYoYDGJb+bco2NfjB2FuxP6oaUUh8X1HeuQHSfpb9I0U= root@ubuntu-xenial
ssh-ed25519 AAAAC3NzaC1lZDI1NTE5AAAAIFSDLGGAglI927QrmDgXG1G6/HiGM7Nf/bRBoEjvazZ5 root@ubuntu-xenial
ssh-rsa AAAAB3NzaC1yc2EAAAADAQABAAABAQChQvXejjeS681oxn1XPUVH+PBOS6V7ntgRipsQiTzqrhcUCGXmUMdTAZ02f+89/Vbo1/gBXQwW1Tjgr6TBlxLwyzn4dLSkc9myfigoP6LbEWv0axtsPKjKQFIiffePhiYgNBGkH3kWigl7YgemiZF6yOw19QlNvKAGkSL+kJVMoaCTJAxLfAlYZI0hU6I7jWGzWJLANylgNBBeQz1sVuZVAd+DyDSNrXMXtezUpqGvDnhWVb0zqhSXREU0SIbIzLx4NYLYui/HfeBIF5x4pLD6GClPOI7on+oFnhYV94Lg3zuq/WeJgj878QTI2blpW2AzPSRGsiFWnTZg5xtEAixv root@ubuntu-xenial
-----END SSH HOST KEY KEYS-----
[   59.920687] cloud-init[1664]: Cloud-init v. 21.1-19-gbad84ad4-0ubuntu1~16.04.2 running 'modules:final' at Wed, 25 May 2022 09:12:31 +0000. Up 59.36 seconds.
[   59.925889] cloud-init[1664]: ci-info: no authorized SSH keys fingerprints found for user ubuntu.
[   59.927400] cloud-init[1664]: Cloud-init v. 21.1-19-gbad84ad4-0ubuntu1~16.04.2 finished at Wed, 25 May 2022 09:12:31 +0000. Datasource DataSourceNoCloud [seed=/dev/sdb][dsmode=net].  Up 59.90 seconds
         Stopping Session 7 of user vagrant.
[[0;32m           Stopping User Manager for UID 1000...
[[0;32m  OK  [0m] Closed Load/Save RF Kill Switch Status /dev/rfkill Watch.
[[0;32m  OK  [0m] Stopped target Timers.
[[0;32m  OK  [0m] Stopped Ubuntu Advantage update messaging.
[[0;32m  OK  [0m] Stopped Message of the Day.
         Stopping ACPI event daemon...
         Stopping Authenticate and Authorize Users to Run Privileged Tasks...
[[0;32m  OK  [0m] Stopped Daily Cleanup of Temporary Directories.
         Stopping Session 8 of user vagrant.
[[0;32m  OK  [0m] Stopped target Graphical Interface.
         Stopping Accounts Service...
[[0;32m  OK  [0m] Stopped Daily apt upgrade and clean activities.
[[0;32m  OK  [0m] Stopped Daily apt download activities.
[[0;32m  OK  [0m] Stopped target Cloud-init target.
[[0;32m  OK  [0m] Stopped target System Time Synchronized.
[[0;32m  OK  [0m] Stopped Execute cloud user/final scripts.
[[0;32m  OK  [0m] Stopped Apply the settings specified in cloud-config.
[[0;32m  OK  [0m] Stopped target Cloud-config availability.
[[0;32m  OK  [0m] Stopped target Multi-User System.
         Stopping OpenBSD Secure Shell server...
         Stopping LSB: daemon to balance interrupts for SMP systems...
         Stopping D-Bus System Message Bus...
         Stopping Regular background program processing daemon...
         Stopping LSB: Set the CPU Frequency Scaling governor to "ondemand"...
         Stopping System Logging Service...
         Stopping LSB: automatic crash report generation...
         Stopping LSB: Record successful boot for GRUB...
         Stopping FUSE filesystem for LXC...
         Stopping LSB: MD monitoring daemon...
         Stopping LXD - container startup/shutdown...
         Stopping Deferred execution scheduler...
[[0;32m  OK  [0m] Stopped Wait until snapd is fully seeded.
         Stopping Virtualbox guest utils...
[[0;32m  OK  [0m] Stopped target Login Prompts.
         Stopping Getty on tty1...
         Stopping Serial Getty on ttyS0...
[[0;32m  OK  [0m] Unmounted /var/lib/lxcfs.
[[0;32m  OK  [0m] Stopped Regular background program processing daemon.
[[0;32m  OK  [0m] Stopped System Logging Service.
[[0;32m  OK  [0m] Stopped Accounts Service.
[[0;32m  OK  [0m] Stopped Deferred execution scheduler.
[[0;32m  OK  [0m] Stopped ACPI event daemon.
[[0;32m  OK  [0m] Stopped Getty on tty1.
[[0;32m  OK  [0m] Stopped Serial Getty on ttyS0.
[[0;32m  OK  [0m] Stopped Authenticate and Authorize Users to Run Privileged Tasks.
[[0;32m  OK  [0m] Stopped OpenBSD Secure Shell server.
[[0;32m  OK  [0m] Stopped User Manager for UID 1000.
[[0;32m  OK  [0m] Stopped Session 8 of user vagrant.
[[0;32m  OK  [0m] Stopped D-Bus System Message Bus.
[[0;32m  OK  [0m] Stopped FUSE filesystem for LXC.
[[0;32m  OK  [0m] Stopped LSB: Set the CPU Frequency Scaling governor to "ondemand".
[[0;32m  OK  [0m] Stopped LSB: daemon to balance interrupts for SMP systems.
[[0;32m  OK  [0m] Stopped LSB: MD monitoring daemon.
[[0;32m  OK  [0m] Stopped Virtualbox guest utils.
[[0;32m  OK  [0m] Stopped LXD - container startup/shutdown.
[[0;32m  OK  [0m] Stopped LSB: Record successful boot for GRUB.
[[0;32m  OK  [0m] Stopped LSB: automatic crash report generation.
[[0;32m  OK  [0m] Removed slice User Slice of vagrant.
         Stopping Login Service...
[[0;32m  OK  [0m] Removed slice system-serial\x2dgetty.slice.
         Stopping Permit User Sessions...
[[0;32m  OK  [0m] Stopped /etc/rc.local Compatibility.
[[0;32m  OK  [0m] Removed slice system-getty.slice.
[[0;32m  OK  [0m] Stopped Login Service.
[[0;32m  OK  [0m] Stopped Permit User Sessions.
[[0;32m  OK  [0m] Stopped target Remote File Systems.
         Unmounting /vagrant...
[[0;32m  OK  [0m] Stopped target User and Group Name Lookups.
[[0;32m  OK  [0m] Unmounted /vagrant.
[[0;32m  OK  [0m] Stopped target Remote File Systems (Pre).
         Stopping Login to default iSCSI targets...
[[0;32m  OK  [0m] Stopped Login to default iSCSI targets.
         Stopping iSCSI initiator daemon (iscsid)...
[[0;32m  OK  [0m] Stopped iSCSI initiator daemon (iscsid).
[[0;32m  OK  [0m] Stopped target Network is Online.
[[0;32m  OK  [0m] Stopped target Network.
         Stopping FRRouting...
[[0;32m  OK  [0m] Stopped FRRouting.
[[0;32m  OK  [0m] Stopped target Basic System.
[[0;32m  OK  [0m] Stopped target Paths.
[[0;32m  OK  [0m] Stopped ACPI Events Check.
[[0;32m  OK  [0m] Stopped Dispatch Password Requests to Console Directory Watch.
[[0;32m  OK  [0m] Stopped Forward Password Requests to Wall Directory Watch.
[[0;32m  OK  [0m] Stopped target Slices.
[[0;32m  OK  [0m] Removed slice User and Session Slice.
[[0;32m  OK  [0m] Stopped target Sockets.
[[0;32m  OK  [0m] Closed ACPID Listen Socket.
[[0;32m  OK  [0m] Closed UUID daemon activation socket.
[[0;32m  OK  [0m] Closed Socket activation for snappy daemon.
[[0;32m  OK  [0m] Closed D-Bus System Message Bus Socket.
[[0;32m  OK  [0m] Closed Syslog Socket.
[[0;32m  OK  [0m] Closed LXD - unix socket.
[[0;32m  OK  [0m] Stopped target System Initialization.
[[0;32m  OK  [0m] Stopped target Encrypted Volumes.
[[0;32m  OK  [0m] Stopped target Swap.
[[0;32m  OK  [0m] Stopped Commit a transient machine-id on disk.
[[0;32m  OK  [0m] Stopped Create Volatile Files and Directories.
         Stopping Load/Save Random Seed...
[[0;32m  OK  [0m] Stopped Initial cloud-init job (metadata service crawler).
         Stopping Raise network interfaces...
[[0;32m  OK  [0m] Stopped Load/Save Random Seed.
[[0;32m  OK  [0m] Stopped Raise network interfaces.
[[0;32m  OK  [0m] Stopped Apply Kernel Variables.
[[0;32m  OK  [0m] Stopped target Local File Systems.
         Unmounting /run/user/1000...
[[0;32m  OK  [0m] Stopped Load Kernel Modules.
[[0;32m  OK  [0m] Stopped target Network (Pre).
[[0;32m  OK  [0m] Stopped Initial cloud-init job (pre-networking).
[[0;32m  OK  [0m] Unmounted /run/user/1000.
[[0;32m  OK  [0m] Reached target Unmount All Filesystems.
[[0;32m  OK  [0m] Stopped target Local File Systems (Pre).
[[0;32m  OK  [0m] Stopped Create Static Device Nodes in /dev.
[[0;32m  OK  [0m] Stopped Remount Root and Kernel File Systems.
[[0;32m  OK  [0m] Reached target Shutdown.
[ 1337.553764] reboot: Power down
lling...
[[0;32m  OK  [0m] Stopped Remount Root and Kernel File Systems.
[[0;32m  OK  [0m] Stopped Create Static Device Nodes in /dev.
[[0;32m  OK  [0m] Reached target Shutdown.
[ 1231.360236] reboot: Power down
