[    0.000000] Initializing cgroup subsys cpuset
[    0.000000] Initializing cgroup subsys cpu
[    0.000000] Initializing cgroup subsys cpuacct
[    0.000000] Linux version 4.4.0-210-generic (buildd@lgw01-amd64-009) (gcc version 5.4.0 20160609 (Ubuntu 5.4.0-6ubuntu1~16.04.12) ) #242-Ubuntu SMP Fri Apr 16 09:57:56 UTC 2021 (Ubuntu 4.4.0-210.242-generic 4.4.262)
[    0.000000] Command line: BOOT_IMAGE=/boot/vmlinuz-4.4.0-210-generic root=LABEL=cloudimg-rootfs ro console=tty1 console=ttyS0
[    0.000000] KERNEL supported cpus:
[    0.000000]   Intel GenuineIntel
[    0.000000]   AMD AuthenticAMD
[    0.000000]   Centaur CentaurHauls
[    0.000000] x86/fpu: xstate_offset[2]:  576, xstate_sizes[2]:  256
[    0.000000] x86/fpu: Supporting XSAVE feature 0x01: 'x87 floating point registers'
[    0.000000] x86/fpu: Supporting XSAVE feature 0x02: 'SSE registers'
[    0.000000] x86/fpu: Supporting XSAVE feature 0x04: 'AVX registers'
[    0.000000] x86/fpu: Enabled xstate features 0x7, context size is 832 bytes, using 'standard' format.
[    0.000000] e820: BIOS-provided physical RAM map:
[    0.000000] BIOS-e820: [mem 0x0000000000000000-0x000000000009fbff] usable
[    0.000000] BIOS-e820: [mem 0x000000000009fc00-0x000000000009ffff] reserved
[    0.000000] BIOS-e820: [mem 0x00000000000f0000-0x00000000000fffff] reserved
[    0.000000] BIOS-e820: [mem 0x0000000000100000-0x000000007ffeffff] usable
[    0.000000] BIOS-e820: [mem 0x000000007fff0000-0x000000007fffffff] ACPI data
[    0.000000] BIOS-e820: [mem 0x00000000fec00000-0x00000000fec00fff] reserved
[    0.000000] BIOS-e820: [mem 0x00000000fee00000-0x00000000fee00fff] reserved
[    0.000000] BIOS-e820: [mem 0x00000000fffc0000-0x00000000ffffffff] reserved
[    0.000000] NX (Execute Disable) protection: active
[    0.000000] SMBIOS 2.5 present.
[    0.000000] Hypervisor detected: KVM
[    0.000000] e820: last_pfn = 0x7fff0 max_arch_pfn = 0x400000000
[    0.000000] MTRR: Disabled
[    0.000000] x86/PAT: MTRRs disabled, skipping PAT initialization too.
[    0.000000] CPU MTRRs all blank - virtualized system.
[    0.000000] x86/PAT: Configuration [0-7]: WB  WT  UC- UC  WB  WT  UC- UC  
[    0.000000] found SMP MP-table at [mem 0x0009fff0-0x0009ffff] mapped at [ffff88000009fff0]
[    0.000000] Scanning 1 areas for low memory corruption
[    0.000000] RAMDISK: [mem 0x362dc000-0x37165fff]
[    0.000000] ACPI: Early table checksum verification disabled
[    0.000000] ACPI: RSDP 0x00000000000E0000 000024 (v02 VBOX  )
[    0.000000] ACPI: XSDT 0x000000007FFF0030 00003C (v01 VBOX   VBOXXSDT 00000001 ASL  00000061)
[    0.000000] ACPI: FACP 0x000000007FFF00F0 0000F4 (v04 VBOX   VBOXFACP 00000001 ASL  00000061)
[    0.000000] ACPI: DSDT 0x000000007FFF0470 002325 (v02 VBOX   VBOXBIOS 00000002 INTL 20100528)
[    0.000000] ACPI: FACS 0x000000007FFF0200 000040
[    0.000000] ACPI: FACS 0x000000007FFF0200 000040
[    0.000000] ACPI: APIC 0x000000007FFF0240 00005C (v02 VBOX   VBOXAPIC 00000001 ASL  00000061)
[    0.000000] ACPI: SSDT 0x000000007FFF02A0 0001CC (v01 VBOX   VBOXCPUT 00000002 INTL 20100528)
[    0.000000] No NUMA configuration found
[    0.000000] Faking a node at [mem 0x0000000000000000-0x000000007ffeffff]
[    0.000000] NODE_DATA(0) allocated [mem 0x7ffeb000-0x7ffeffff]
[    0.000000] kvm-clock: Using msrs 4b564d01 and 4b564d00
[    0.000000] kvm-clock: cpu 0, msr 0:7ffe3001, primary cpu clock
[    0.000000] kvm-clock: using sched offset of 7911410556 cycles
[    0.000000] clocksource: kvm-clock: mask: 0xffffffffffffffff max_cycles: 0x1cd42e4dffb, max_idle_ns: 881590591483 ns
[    0.000000] Zone ranges:
[    0.000000]   DMA      [mem 0x0000000000001000-0x0000000000ffffff]
[    0.000000]   DMA32    [mem 0x0000000001000000-0x000000007ffeffff]
[    0.000000]   Normal   empty
[    0.000000]   Device   empty
[    0.000000] Movable zone start for each node
[    0.000000] Early memory node ranges
[    0.000000]   node   0: [mem 0x0000000000001000-0x000000000009efff]
[    0.000000]   node   0: [mem 0x0000000000100000-0x000000007ffeffff]
[    0.000000] Initmem setup node 0 [mem 0x0000000000001000-0x000000007ffeffff]
[    0.000000] ACPI: PM-Timer IO Port: 0x4008
[    0.000000] IOAPIC[0]: apic_id 2, version 32, address 0xfec00000, GSI 0-23
[    0.000000] ACPI: INT_SRC_OVR (bus 0 bus_irq 0 global_irq 2 dfl dfl)
[    0.000000] ACPI: INT_SRC_OVR (bus 0 bus_irq 9 global_irq 9 low level)
[    0.000000] Using ACPI (MADT) for SMP configuration information
[    0.000000] smpboot: Allowing 2 CPUs, 0 hotplug CPUs
[    0.000000] PM: Registered nosave memory: [mem 0x00000000-0x00000fff]
[    0.000000] PM: Registered nosave memory: [mem 0x0009f000-0x0009ffff]
[    0.000000] PM: Registered nosave memory: [mem 0x000a0000-0x000effff]
[    0.000000] PM: Registered nosave memory: [mem 0x000f0000-0x000fffff]
[    0.000000] e820: [mem 0x80000000-0xfebfffff] available for PCI devices
[    0.000000] Booting paravirtualized kernel on KVM
[    0.000000] clocksource: refined-jiffies: mask: 0xffffffff max_cycles: 0xffffffff, max_idle_ns: 7645519600211568 ns
[    0.000000] setup_percpu: NR_CPUS:512 nr_cpumask_bits:512 nr_cpu_ids:2 nr_node_ids:1
[    0.000000] PERCPU: Embedded 33 pages/cpu @ffff88007fc00000 s95192 r8192 d31784 u1048576
[    0.000000] Built 1 zonelists in Node order, mobility grouping on.  Total pages: 515960
[    0.000000] Policy zone: DMA32
[    0.000000] Kernel command line: BOOT_IMAGE=/boot/vmlinuz-4.4.0-210-generic root=LABEL=cloudimg-rootfs ro console=tty1 console=ttyS0
[    0.000000] PID hash table entries: 4096 (order: 3, 32768 bytes)
[    0.000000] Memory: 2029984K/2096696K available (8644K kernel code, 1332K rwdata, 4044K rodata, 1492K init, 1164K bss, 66712K reserved, 0K cma-reserved)
[    0.000000] SLUB: HWalign=64, Order=0-3, MinObjects=0, CPUs=2, Nodes=1
[    0.000000] Kernel/User page tables isolation: enabled
[    0.000000] Hierarchical RCU implementation.
[    0.000000] 	Build-time adjustment of leaf fanout to 64.
[    0.000000] 	RCU restricting CPUs from NR_CPUS=512 to nr_cpu_ids=2.
[    0.000000] RCU: Adjusting geometry for rcu_fanout_leaf=64, nr_cpu_ids=2
[    0.000000] NR_IRQS:33024 nr_irqs:440 16
[    0.000000] Console: colour VGA+ 80x25
[    0.000000] console [tty1] enabled
[    0.000000] console [ttyS0] enabled
[    0.000000] tsc: Detected 2100.000 MHz processor
[    2.056281] Calibrating delay loop (skipped) preset value.. 4200.00 BogoMIPS (lpj=8400000)
[    2.083753] pid_max: default: 32768 minimum: 301
[    2.099181] ACPI: Core revision 20150930
[    2.114121] ACPI: 2 ACPI AML tables successfully acquired and loaded
[    2.136208] Security Framework initialized
[    2.150171] Yama: becoming mindful.
[    2.163369] AppArmor: AppArmor initialized
[    2.178569] Dentry cache hash table entries: 262144 (order: 9, 2097152 bytes)
[    2.201136] Inode-cache hash table entries: 131072 (order: 8, 1048576 bytes)
[    2.223928] Mount-cache hash table entries: 4096 (order: 3, 32768 bytes)
[    2.244475] Mountpoint-cache hash table entries: 4096 (order: 3, 32768 bytes)
[    2.265726] Initializing cgroup subsys io
[    2.279544] Initializing cgroup subsys memory
[    2.294053] Initializing cgroup subsys devices
[    2.308968] Initializing cgroup subsys freezer
[    2.323919] Initializing cgroup subsys net_cls
[    2.338531] Initializing cgroup subsys perf_event
[    2.353622] Initializing cgroup subsys net_prio
[    2.368856] Initializing cgroup subsys hugetlb
[    2.384765] Initializing cgroup subsys pids
[    2.403035] mce: CPU supports 0 MCE banks
[    2.416952] Last level iTLB entries: 4KB 512, 2MB 8, 4MB 8
[    2.433822] Last level dTLB entries: 4KB 512, 2MB 0, 4MB 0, 1GB 4
[    2.451950] Spectre V1 : Mitigation: usercopy/swapgs barriers and __user pointer sanitization
[    2.478925] Spectre V2 : Mitigation: Full generic retpoline
[    2.495841] Spectre V2 : Spectre v2 / SpectreRSB mitigation: Filling RSB on context switch
[    2.522191] Speculative Store Bypass: Vulnerable
[    2.538499] MDS: Mitigation: Clear CPU buffers
[    2.623408] Freeing SMP alternatives memory: 36K
[    2.785763] ftrace: allocating 32380 entries in 127 pages
[    3.793127] smpboot: APIC(0) Converting physical 0 to logical package 0
[    3.812663] smpboot: Max logical packages: 1
[    3.831561] x2apic enabled
[    3.846403] Switched APIC routing to physical x2apic.
[    3.880701] ..TIMER: vector=0x30 apic1=0 pin1=2 apic2=-1 pin2=-1
[    4.007456] smpboot: CPU0: Intel(R) Xeon(R) CPU E5-2620 v2 @ 2.10GHz (family: 0x6, model: 0x3e, stepping: 0x4)
[    4.042579] Performance Events: unsupported p6 CPU model 62 no PMU driver, software events only.
[    4.230013] KVM setup paravirtual spinlock
[    4.246854] x86: Booting SMP configuration:
[    4.260800] .... node  #0, CPUs:      #1
[    4.278281] kvm-clock: cpu 1, msr 0:7ffe3041, secondary cpu clock
[    4.295447] mce: CPU supports 0 MCE banks
[    4.306985] x86: Booted up 1 node, 2 CPUs
[    4.324503] smpboot: Total of 2 processors activated (8400.00 BogoMIPS)
[    4.347589] devtmpfs: initialized
[    4.362212] evm: security.selinux
[    4.374525] evm: security.SMACK64
[    4.386563] evm: security.SMACK64EXEC
[    4.399236] evm: security.SMACK64TRANSMUTE
[    4.412930] evm: security.SMACK64MMAP
[    4.425958] evm: security.ima
[    4.437459] evm: security.capability
[    4.450795] clocksource: jiffies: mask: 0xffffffff max_cycles: 0xffffffff, max_idle_ns: 7645041785100000 ns
[    4.480323] futex hash table entries: 512 (order: 3, 32768 bytes)
[    4.499094] pinctrl core: initialized pinctrl subsystem
[    4.515951] RTC time: 10:42:15, date: 05/24/22
[    4.531141] NET: Registered protocol family 16
[    4.555006] cpuidle: using governor ladder
[    4.579055] cpuidle: using governor menu
[    4.592471] PCCT header not found.
[    4.605034] ACPI: bus type PCI registered
[    4.618831] acpiphp: ACPI Hot Plug PCI Controller Driver version: 0.5
[    4.638409] PCI: Using configuration type 1 for base access
[    4.678640] ACPI: Added _OSI(Module Device)
[    4.693254] ACPI: Added _OSI(Processor Device)
[    4.707957] ACPI: Added _OSI(3.0 _SCP Extensions)
[    4.723272] ACPI: Added _OSI(Processor Aggregator Device)
[    4.744563] ACPI: Executed 1 blocks of module-level executable AML code
[    4.772470] ACPI: Interpreter enabled
[    4.785279] ACPI: (supports S0 S5)
[    4.798164] ACPI: Using IOAPIC for interrupt routing
[    4.814457] PCI: Using host bridge windows from ACPI; if necessary, use "pci=nocrs" and report a bug
[    4.859815] ACPI: PCI Root Bridge [PCI0] (domain 0000 [bus 00-ff])
[    4.878148] acpi PNP0A03:00: _OSC: OS supports [ASPM ClockPM Segments MSI]
[    4.898991] acpi PNP0A03:00: _OSC: not requesting OS control; OS requires [ExtendedConfig ASPM ClockPM MSI]
[    4.928555] acpi PNP0A03:00: fail to add MMCONFIG information, can't access extended PCI configuration space under this bridge.
[    4.966260] PCI host bridge to bus 0000:00
[    4.981347] pci_bus 0000:00: root bus resource [io  0x0000-0x0cf7 window]
[    5.001687] pci_bus 0000:00: root bus resource [io  0x0d00-0xffff window]
[    5.024319] pci_bus 0000:00: root bus resource [mem 0x000a0000-0x000bffff window]
[    5.049507] pci_bus 0000:00: root bus resource [mem 0x80000000-0xfdffffff window]
[    5.073920] pci_bus 0000:00: root bus resource [bus 00-ff]
[    5.114692] pci 0000:00:01.1: legacy IDE quirk: reg 0x10: [io  0x01f0-0x01f7]
[    5.135399] pci 0000:00:01.1: legacy IDE quirk: reg 0x14: [io  0x03f6]
[    5.155516] pci 0000:00:01.1: legacy IDE quirk: reg 0x18: [io  0x0170-0x0177]
[    5.175823] pci 0000:00:01.1: legacy IDE quirk: reg 0x1c: [io  0x0376]
[    5.530741] pci 0000:00:07.0: quirk: [io  0x4000-0x403f] claimed by PIIX4 ACPI
[    5.555509] pci 0000:00:07.0: quirk: [io  0x4100-0x410f] claimed by PIIX4 SMB
[    5.639299] ACPI: PCI Interrupt Link [LNKA] (IRQs 5 9 10 *11)
[    5.667493] ACPI: PCI Interrupt Link [LNKB] (IRQs 5 9 *10 11)
[    5.695076] ACPI: PCI Interrupt Link [LNKC] (IRQs 5 *9 10 11)
[    5.723158] ACPI: PCI Interrupt Link [LNKD] (IRQs 5 9 10 *11)
[    5.752292] ACPI: Enabled 2 GPEs in block 00 to 07
[    5.774853] vgaarb: setting as boot device: PCI:0000:00:02.0
[    5.792649] vgaarb: device added: PCI:0000:00:02.0,decodes=io+mem,owns=io+mem,locks=none
[    5.818746] vgaarb: loaded
[    5.829510] vgaarb: bridge control possible 0000:00:02.0
[    5.847751] SCSI subsystem initialized
[    5.862214] ACPI: bus type USB registered
[    5.876098] usbcore: registered new interface driver usbfs
[    5.893697] usbcore: registered new interface driver hub
[    5.910374] usbcore: registered new device driver usb
[    5.928332] PCI: Using ACPI for IRQ routing
[    5.945368] NetLabel: Initializing
[    5.957915] NetLabel:  domain hash size = 128
[    5.972377] NetLabel:  protocols = UNLABELED CIPSOv4
[    5.988136] NetLabel:  unlabeled traffic allowed by default
[    6.006231] amd_nb: Cannot enumerate AMD northbridges
[    6.022689] clocksource: Switched to clocksource kvm-clock
[    6.059770] AppArmor: AppArmor Filesystem Enabled
[    6.075141] pnp: PnP ACPI init
[    6.091979] pnp: PnP ACPI: found 3 devices
[    6.157123] clocksource: acpi_pm: mask: 0xffffff max_cycles: 0xffffff, max_idle_ns: 2085701024 ns
[    6.194008] NET: Registered protocol family 2
[    6.215540] TCP established hash table entries: 16384 (order: 5, 131072 bytes)
[    6.247477] TCP bind hash table entries: 16384 (order: 6, 262144 bytes)
[    6.273111] TCP: Hash tables configured (established 16384 bind 16384)
[    6.299348] UDP hash table entries: 1024 (order: 3, 32768 bytes)
[    6.325514] UDP-Lite hash table entries: 1024 (order: 3, 32768 bytes)
[    6.350441] NET: Registered protocol family 1
[    6.369351] pci 0000:00:00.0: Limiting direct PCI/PCI transfers
[    6.392726] pci 0000:00:01.0: Activating ISA DMA hang workarounds
[    6.414588] Unpacking initramfs...
[    6.780180] Freeing initrd memory: 14888K
[    6.795396] RAPL PMU detected, API unit is 2^-32 Joules, 3 fixed counters 10737418240 ms ovfl timer
[    6.823302] hw unit of domain pp0-core 2^-0 Joules
[    6.838447] hw unit of domain package 2^-0 Joules
[    6.853237] hw unit of domain dram 2^-0 Joules
[    6.867357] clocksource: tsc: mask: 0xffffffffffffffff max_cycles: 0x1e4530a99b6, max_idle_ns: 440795257976 ns
[    6.896994] platform rtc_cmos: registered platform RTC device (no PNP device found)
[    6.921709] Scanning for low memory corruption every 60 seconds
[    6.941600] audit: initializing netlink subsys (disabled)
[    6.959168] audit: type=2000 audit(1653388943.368:1): initialized
[    6.978527] Initialise system trusted keyring
[    6.993822] HugeTLB registered 2 MB page size, pre-allocated 0 pages
[    7.016133] zbud: loaded
[    7.027679] VFS: Disk quotas dquot_6.6.0
[    7.041622] VFS: Dquot-cache hash table entries: 512 (order 0, 4096 bytes)
[    7.062709] squashfs: version 4.0 (2009/01/31) Phillip Lougher
[    7.081705] fuse init (API version 7.23)
[    7.096328] Key type big_key registered
[    7.109758] Allocating IMA MOK and blacklist keyrings.
[    7.137438] Key type asymmetric registered
[    7.151706] Asymmetric key parser 'x509' registered
[    7.168352] Block layer SCSI generic (bsg) driver version 0.4 loaded (major 249)
[    7.195270] io scheduler noop registered
[    7.209571] io scheduler deadline registered (default)
[    7.226954] io scheduler cfq registered
[    7.241370] pci_hotplug: PCI Hot Plug PCI Core version: 0.5
[    7.259464] pciehp: PCI Express Hot Plug Controller Driver version: 0.4
[    7.280935] ACPI: AC Adapter [AC] (on-line)
[    7.295951] input: Power Button as /devices/LNXSYSTM:00/LNXPWRBN:00/input/input0
[    7.321867] ACPI: Power Button [PWRF]
[    7.336430] input: Sleep Button as /devices/LNXSYSTM:00/LNXSLPBN:00/input/input1
[    7.362550] ACPI: Sleep Button [SLPF]
[    7.377410] GHES: HEST is not enabled!
[    7.392546] Serial: 8250/16550 driver, 32 ports, IRQ sharing enabled
[    7.450051] 00:02: ttyS0 at I/O 0x3f8 (irq = 4, base_baud = 115200) is a 16550A
[    7.479838] Linux agpgart interface v0.103
[    7.503939] loop: module loaded
[    7.520167] scsi host0: ata_piix
[    7.533495] scsi host1: ata_piix
[    7.547501] ata1: PATA max UDMA/33 cmd 0x1f0 ctl 0x3f6 bmdma 0xd000 irq 14
[    7.570586] ata2: PATA max UDMA/33 cmd 0x170 ctl 0x376 bmdma 0xd008 irq 15
[    7.597232] libphy: Fixed MDIO Bus: probed
[    7.613461] tun: Universal TUN/TAP device driver, 1.6
[    7.631750] tun: (C) 1999-2004 Max Krasnyansky <maxk@qualcomm.com>
[    7.653113] PPP generic driver version 2.4.2
[    7.669650] ehci_hcd: USB 2.0 'Enhanced' Host Controller (EHCI) Driver
[    7.691855] ehci-pci: EHCI PCI platform driver
[    7.708960] ehci-platform: EHCI generic platform driver
[    7.727672] ohci_hcd: USB 1.1 'Open' Host Controller (OHCI) Driver
[    7.749228] ohci-pci: OHCI PCI platform driver
[    7.802063] ohci-platform: OHCI generic platform driver
[    7.819378] uhci_hcd: USB Universal Host Controller Interface driver
[    7.839955] i8042: PNP: PS/2 Controller [PNP0303:PS2K,PNP0f03:PS2M] at 0x60,0x64 irq 1,12
[    7.873962] serio: i8042 KBD port at 0x60,0x64 irq 1
[    7.890408] serio: i8042 AUX port at 0x60,0x64 irq 12
[    7.908033] mousedev: PS/2 mouse device common for all mice
[    7.931161] rtc_cmos rtc_cmos: rtc core: registered rtc_cmos as rtc0
[    7.958061] input: AT Translated Set 2 keyboard as /devices/platform/i8042/serio0/input/input2
[    7.988982] rtc_cmos rtc_cmos: alarms up to one day, 114 bytes nvram
[    8.011192] i2c /dev entries driver
[    8.026110] device-mapper: uevent: version 1.0.3
[    8.042735] device-mapper: ioctl: 4.34.0-ioctl (2015-10-28) initialised: dm-devel@redhat.com
[    8.077396] ledtrig-cpu: registered to indicate activity on CPUs
[    8.102571] NET: Registered protocol family 10
[    8.121472] NET: Registered protocol family 17
[    8.140291] Key type dns_resolver registered
[    8.161685] registered taskstats version 1
[    8.179736] Loading compiled-in X.509 certificates
[    8.199861] Loaded X.509 cert 'Build time autogenerated kernel key: cf00e047681d67edb2720680708b7d9498083038'
[    8.235581] zswap: loaded using pool lzo/zbud
[    8.262030] Key type trusted registered
[    8.293002] Key type encrypted registered
[    8.308334] AppArmor: AppArmor sha1 policy hashing enabled
[    8.327053] ima: No TPM chip found, activating TPM-bypass!
[    8.346128] ima: Allocated hash algorithm: sha1
[    8.363724] evm: HMAC attrs: 0x1
[    8.382139]   Magic number: 6:541:730
[    8.399711] rtc_cmos rtc_cmos: setting system clock to 2022-05-24 10:42:19 UTC (1653388939)
[    8.432157] BIOS EDD facility v0.16 2004-Jun-25, 0 devices found
[    8.451974] EDD information not available.
[    8.473157] Freeing unused kernel memory: 1492K
[    8.488717] Write protecting the kernel read-only data: 14336k
[    8.512749] Freeing unused kernel memory: 1584K
[    8.529160] Freeing unused kernel memory: 52K
Loading, please wait...
starting version 229
[    8.593560] random: udevadm: uninitialized urandom read (16 bytes read, 4 bits of entropy available)
[    8.594621] random: systemd-udevd: uninitialized urandom read (16 bytes read, 4 bits of entropy available)
[    8.594966] random: systemd-udevd: uninitialized urandom read (16 bytes read, 4 bits of entropy available)
[    8.594987] random: systemd-udevd: uninitialized urandom read (16 bytes read, 4 bits of entropy available)
[    8.595010] random: systemd-udevd: uninitialized urandom read (16 bytes read, 4 bits of entropy available)
[    8.752872] random: udevadm: uninitialized urandom read (16 bytes read, 4 bits of entropy available)
[    8.804135] random: systemd-udevd: uninitialized urandom read (16 bytes read, 4 bits of entropy available)
[    8.818152] random: udevadm: uninitialized urandom read (16 bytes read, 4 bits of entropy available)
[    8.818300] random: udevadm: uninitialized urandom read (16 bytes read, 4 bits of entropy available)
[    8.818682] random: udevadm: uninitialized urandom read (16 bytes read, 4 bits of entropy available)
[    9.063627] e1000: Intel(R) PRO/1000 Network Driver - version 7.3.21-k8-NAPI
[    9.086238] e1000: Copyright (c) 1999-2006 Intel Corporation.
[    9.194798] Fusion MPT base driver 3.04.20
[    9.210180] Copyright (c) 1999-2008 LSI Corporation
[    9.298846] AVX version of gcm_enc/dec engaged.
[    9.316649] AES CTR mode by8 optimization enabled
[    9.357367] Fusion MPT SPI Host driver 3.04.20
[    9.424202] input: ImExPS/2 Generic Explorer Mouse as /devices/platform/i8042/serio1/input/input4
[   10.970641] e1000 0000:00:03.0 eth0: (PCI:33MHz:32-bit) 02:be:82:6b:cc:1d
[   10.990949] e1000 0000:00:03.0 eth0: Intel(R) PRO/1000 Network Connection
[   11.015595] mptbase: ioc0: Initiating bringup
[   11.016109] e1000 0000:00:03.0 enp0s3: renamed from eth0
[   11.342016] ioc0: LSI53C1030 A0: Capabilities={Initiator}
[   13.347826] scsi host2: ioc0: LSI53C1030 A0, FwRev=00000000h, Ports=1, MaxQ=256, IRQ=20
[   15.089008] scsi 2:0:0:0: Direct-Access     VBOX     HARDDISK         1.0  PQ: 0 ANSI: 5
[   15.119156] scsi target2:0:0: Beginning Domain Validation
[   15.148046] scsi target2:0:0: Domain Validation skipping write tests
[   15.169186] scsi target2:0:0: Ending Domain Validation
[   15.187441] scsi target2:0:0: asynchronous
[   15.207102] scsi 2:0:1:0: Direct-Access     VBOX     HARDDISK         1.0  PQ: 0 ANSI: 5
[   15.408714] scsi target2:0:1: Beginning Domain Validation
[   15.437136] scsi target2:0:1: Domain Validation skipping write tests
[   15.456260] scsi target2:0:1: Ending Domain Validation
[   15.473477] scsi target2:0:1: asynchronous
[   15.525256] sd 2:0:0:0: Attached scsi generic sg0 type 0
[   15.546212] sd 2:0:0:0: [sda] 83886080 512-byte logical blocks: (42.9 GB/40.0 GiB)
[   15.575138] sd 2:0:1:0: Attached scsi generic sg1 type 0
[   15.576860] sd 2:0:1:0: [sdb] 20480 512-byte logical blocks: (10.5 MB/10.0 MiB)
[   15.579069] sd 2:0:1:0: [sdb] Write Protect is off
[   15.579739] sd 2:0:1:0: [sdb] Incomplete mode parameter data
[   15.579741] sd 2:0:1:0: [sdb] Assuming drive cache: write through
[   15.582427] sd 2:0:0:0: [sda] Write Protect is off
[   15.583779] sd 2:0:0:0: [sda] Incomplete mode parameter data
[   15.583831] sd 2:0:0:0: [sda] Assuming drive cache: write through
[   15.609890] sd 2:0:1:0: [sdb] Attached SCSI disk
[   15.611715]  sda: sda1
[   15.618263] sd 2:0:0:0: [sda] Attached SCSI disk
Begin: Loading essential drivers ... [   22.272493] md: linear personality registered for level -1
[   22.308552] md: multipath personality registered for level -4
[   22.341519] md: raid0 personality registered for level 0
[   22.393403] md: raid1 personality registered for level 1
[   22.579190] raid6: sse2x1   gen()  6886 MB/s
[   22.685348] raid6: sse2x1   xor()  5539 MB/s
[   22.918257] raid6: sse2x2   gen() 22500 MB/s
[   23.154498] raid6: sse2x2   xor()  9849 MB/s
[   23.328449] raid6: sse2x4   gen() 11151 MB/s
[   23.459365] raid6: sse2x4   xor()  5548 MB/s
[   23.483111] raid6: using algorithm sse2x2 gen() 22500 MB/s
[   23.505340] raid6: .... xor() 9849 MB/s, rmw enabled
[   23.526378] raid6: using ssse3x2 recovery algorithm
[   23.554305] xor: automatically using best checksumming function:
[   23.618851]    avx       : 13312.000 MB/sec
[   23.636860] async_tx: api initialized (async)
[   23.711396] md: raid6 personality registered for level 6
[   23.728630] md: raid5 personality registered for level 5
[   23.745646] md: raid4 personality registered for level 4
[   23.795752] md: raid10 personality registered for level 10
done.
Begin: Running /scripts/init-premount ... done.
Begin: Mounting root file system ... Begin: Running /scripts/local-top ... done.
Begin: Running /scripts/local-premount ... [   23.958749] Btrfs loaded
Scanning for Btrfs filesystems
done.
Warning: fsck not present, so skipping root file system
[   24.074275] EXT4-fs (sda1): mounted filesystem with ordered data mode. Opts: (null)
done.
Begin: Running /scripts/local-bottom ... done.
Begin: Running /scripts/init-bottom ... done.
[   24.449223] systemd[1]: systemd 229 running in system mode. (+PAM +AUDIT +SELINUX +IMA +APPARMOR +SMACK +SYSVINIT +UTMP +LIBCRYPTSETUP +GCRYPT +GNUTLS +ACL +XZ -LZ4 +SECCOMP +BLKID +ELFUTILS +KMOD -IDN)
[   24.507247] systemd[1]: Detected virtualization oracle.
[   24.524836] systemd[1]: Detected architecture x86-64.

Welcome to [1mUbuntu 16.04.7 LTS[0m!

[   24.558802] systemd[1]: Set hostname to <ubuntu>.
[   24.582745] systemd[1]: Initializing machine ID from random generator.
[   24.603576] systemd[1]: Installed transient /etc/machine-id file.
[   24.978559] systemd[1]: Listening on Device-mapper event daemon FIFOs.
[[0;32m  OK  [0m] Listening on Device-mapper event daemon FIFOs.
[   25.020210] systemd[1]: Listening on udev Kernel Socket.
[[0;32m  OK  [0m] Listening on udev Kernel Socket.
[   25.052350] systemd[1]: Listening on LVM2 metadata daemon socket.
[[0;32m  OK  [0m] Listening on LVM2 metadata daemon socket.
[   25.089483] systemd[1]: Listening on udev Control Socket.
[[0;32m  OK  [0m] Listening on udev Control Socket.
[   25.125302] systemd[1]: Listening on fsck to fsckd communication Socket.
[[0;32m  OK  [0m] Listening on fsck to fsckd communication Socket.
[   25.167482] systemd[1]: Listening on /dev/initctl Compatibility Named Pipe.
[[0;32m  OK  [0m] Listening on /dev/initctl Compatibility Named Pipe.
[   25.214192] systemd[1]: Created slice User and Session Slice.
[[0;32m  OK  [0m] Created slice User and Session Slice.
[   25.250728] systemd[1]: Started Trigger resolvconf update for networkd DNS.
[[0;32m  OK  [0m] Started Trigger resolvconf update for networkd DNS.
[   25.293784] systemd[1]: Reached target System Time Synchronized.
[[0;32m  OK  [0m] Reached target System Time Synchronized.
[   25.332239] systemd[1]: Reached target User and Group Name Lookups.
[[0;32m  OK  [0m] Reached target User and Group Name Lookups.
[   25.368270] systemd[1]: Listening on Journal Socket.
[[0;32m  OK  [0m] Listening on Journal Socket.
[   25.398845] systemd[1]: Listening on Journal Socket (/dev/log).
[[0;32m  OK  [0m] Listening on Journal Socket (/dev/log).
[   25.434657] systemd[1]: Listening on Syslog Socket.
[[0;32m  OK  [0m] Listening on Syslog Socket.
[   25.468591] systemd[1]: Set up automount Arbitrary Executable File Formats File System Automount Point.
[[0;32m  OK  [0m] Set up automount Arbitrary Executab...ats File System Automount Point.
[   25.526544] systemd[1]: Reached target Swap.
[[0;32m  OK  [0m] Reached target Swap.
[   25.556538] systemd[1]: Started Forward Password Requests to Wall Directory Watch.
[[0;32m  OK  [0m] Started Forward Password Requests to Wall Directory Watch.
[   25.607018] systemd[1]: Listening on LVM2 poll daemon socket.
[[0;32m  OK  [0m] Listening on LVM2 poll daemon socket.
[   25.645464] systemd[1]: Reached target Encrypted Volumes.
[[0;32m  OK  [0m] Reached target Encrypted Volumes.
[   25.682704] systemd[1]: Created slice System Slice.
[[0;32m  OK  [0m] Created slice System Slice.
[   25.739872] systemd[1]: Starting Set console keymap...
[   25.768105] random: nonblocking pool is initialized
         Starting Set console keymap...
[   25.804338] systemd[1]: Mounting POSIX Message Queue File System...
         Mounting POSIX Message Queue File System...
[   25.843029] systemd[1]: Created slice system-serial\x2dgetty.slice.
[[0;32m  OK  [0m] Created slice system-serial\x2dgetty.slice.
[   25.880708] systemd[1]: Starting Create list of required static device nodes for the current kernel...
         Starting Create list of required st... nodes for the current kernel...
[   25.936824] systemd[1]: Starting File System Check on Root Device...
         Starting File System Check on Root Device...
[   25.977247] systemd[1]: Starting Nameserver information manager...
         Starting Nameserver information manager...
[   26.015640] systemd[1]: Reached target Slices.
[[0;32m  OK  [0m] Reached target Slices.
[   26.055103] systemd[1]: Mounting Debug File System...
         Mounting Debug File System...
[   26.093472] systemd[1]: Mounting Huge Pages File System...
         Mounting Huge Pages File System...
[   26.130944] systemd[1]: Starting Load Kernel Modules...
         Starting Load Kernel Modules...
[   26.165647] systemd[1]: Listening on Journal Audit Socket.
[   26.188616] Loading iSCSI transport class v2.0-870.
[[0;32m  OK  [0m] Listening on Journal Audit Socket.
[   26.221600] systemd[1]: Starting Journal Service...
         Starting Journal Service...
[   26.263388] systemd[1]: Starting Monitoring of LVM2 mirrors, snapshots etc. using dmeventd or progress polling...
[   26.306819] iscsi: registered transport (tcp)
         Starting Monitoring of LVM2 mirrors... dmeventd or progress polling...
[   26.346159] systemd[1]: Starting Uncomplicated firewall...
         Starting Uncomplicated firewall...
[   26.403791] systemd[1]: Mounted Huge Pages File System.
[[0;32m  OK  [0m] Mounted Huge Pages File System.
[   26.444535] systemd[1]: Mounted POSIX Message Queue File System.
[[0;32m  OK  [0m] Mounted POSIX Message Queue File System.
[   26.484970] systemd[1]: Mounted Debug File System.
[[0;32m  OK  [0m] Mounted Debug File System.
[   26.517712] systemd[1]: Started Journal Service.
[[0;32m  OK  [0m] Started Journal Service.
[[0;32m  OK  [0m] Started Set console keymap.
[[0;32m  OK  [0m] Started Create list of required sta...ce nodes for the current kernel.
[[0;32m  OK  [0m] Started File System Check on Root Device.
[[0;32m  OK  [0m] Started Uncomplicated firewall.
[[0;32m  OK  [0m] Started Nameserver information manager.
[   26.660296] iscsi: registered transport (iser)
[[0;32m  OK  [0m] Started LVM2 metadata daemon.
[[0;32m  OK  [0m] Started File System Check Daemon to report status.
         Starting Remount Root and Kernel File Systems...[   26.737209] EXT4-fs (sda1): re-mounted. Opts: (null)

         Starting Create Static Device Nodes in /dev...
[[0;32m  OK  [0m] Started Load Kernel Modules.
[[0;32m  OK  [0m] Started Remount Root and Kernel File Systems.
[[0;32m  OK  [0m] Started Create Static Device Nodes in /dev.
         Starting udev Kernel Device Manager...
         Starting Load/Save Random Seed...
         Starting udev Coldplug all Devices...
         Starting Flush Journal to Persistent Storage...
         Mounting FUSE Control File System...
         Starting Apply Kernel Variables...
[[0;32m  OK  [0m] Mounted FUSE Control File System.
[[0;32m  OK  [0m] Started udev Kernel Device Manager.
[[0;32m  OK  [0m] Started Monitoring of LVM2 mirrors,...ng dmeventd or progress polling.
[[0;32m  OK  [0m] Started Load/Save Random Seed.
[[0;32m  OK  [0m] Started Apply Kernel Variables.
[[0;32m  OK  [0m] Reached target Local File Systems (Pre).
[[0;32m  OK  [0m] Reached target Local File Systems.
         Starting Tell Plymouth To Write Out Runtime Data...
         Starting Commit a transient machine-id on disk...
         Starting Set console font and keymap...
         Starting Initial cloud-init job (pre-networking)...
         Starting LSB: AppArmor initialization...
[[0;32m  OK  [0m] Started Flush Journal to Persistent Storage.
[[0;32m  OK  [0m] Started udev Coldplug all Devices.
[[0;32m  OK  [0m] Started Tell Plymouth To Write Out Runtime Data.
[[0;32m  OK  [0m] Started Commit a transient machine-id on disk.
[[0;32m  OK  [0m] Started Dispatch Password Requests to Console Directory Watch.
         Starting Create Volatile Files and Directories...
[[0;32m  OK  [0m] Started Create Volatile Files and Directories.
[   26.612710] cloud-init[509]: Cloud-init v. 21.1-19-gbad84ad4-0ubuntu1~16.04.2 running 'init-local' at Tue, 24 May 2022 10:42:41 +0000. Up 25.54 seconds.
[[0;32m  OK  [0m] Started Initial cloud-init job (pre-networking).
[[0;32m  OK  [0m] Found device /dev/ttyS0.
[[0;32m  OK  [0m] Listening on Load/Save RF Kill Switch Status /dev/rfkill Watch.
[[0;32m  OK  [0m] Reached target Network (Pre).
         Starting Update UTMP about System Boot/Shutdown...
[[0;32m  OK  [0m] Started LSB: AppArmor initialization.
[[0;32m  OK  [0m] Started Set console font and keymap.
[[0;32m  OK  [0m] Created slice system-getty.slice.
         Starting Load AppArmor profiles managed internally by snapd...
         Starting Raise network interfaces...
[[0;32m  OK  [0m] Started Load AppArmor profiles managed internally by snapd.
[[0;32m  OK  [0m] Started Update UTMP about System Boot/Shutdown.
[[0;32m  OK  [0m] Started Raise network interfaces.
         Starting Initial cloud-init job (metadata service crawler)...
[[0;32m  OK  [0m] Reached target Network.
[   43.639109] cloud-init[969]: Cloud-init v. 21.1-19-gbad84ad4-0ubuntu1~16.04.2 running 'init' at Tue, 24 May 2022 10:42:57 +0000. Up 41.51 seconds.
[   43.671258] cloud-init[969]: ci-info: ++++++++++++++++++++++++++++++++++++++Net device info++++++++++++++++++++++++++++++++++++++
[   43.702303] cloud-init[969]: ci-info: +--------+------+----------------------------+---------------+--------+-------------------+
[   43.734362] cloud-init[969]: ci-info: | Device |  Up  |          Address           |      Mask     | Scope  |     Hw-Address    |[[0;32m  OK  [0m] Started Initial cloud-init job (metadata service crawler).
[[0;32m  OK  [0m] Reached target System Initialization.
[[0;32m  OK  [0m] Listening on ACPID Listen Socket.
         
Starting Socket activation for snappy daemon.
[   43.806038] [[0;32m  OK  [0m] Listening on UUID daemon activation socket.
[[0;32m  OK  [0m] Listening on D-Bus System Message Bus Socket.
[[0;32m  OK  [0m] Started Ubuntu Advantage update messaging.
cloud-init[969]: ci-info: +--------+------+----------------------------+---------------+--------+-------------------+
[   43.867682]          Starting LXD - unix socket.
cloud-init[969]: ci-info: | enp0s3 | True |         10.0.2.15          | 255.255.255.0 | global | 02:be:82:6b:cc:1d |[[0;32m  OK  [0m] 
Started ACPI Events Check.[   43.905413] 
cloud-init[[0;32m  OK  [0m] Reached target Paths.[969]: 
ci-info: | enp0s3 | True | fe80::be:82ff:fe6b:cc1d/64 |       .       |  link  | 02:be:82:6b:cc:1d |
[[0;32m  OK  [0m] Started Message of the Day.
[   43.933074] [[0;32m  OK  [0m] Started Daily apt download activities.
[[0;32m  OK  [0m] Started Daily apt upgrade and clean activities.
[[0;32m  OK  [0m] Started Daily Cleanup of Temporary Directories.
[[0;32m  OK  [0mcloud-init[969]: ci-info: |   lo   | True |         127.0.0.1          |   255.0.0.0   |  host  |         .         |
] Reached target Timers.[   43.997126] 
cloud-init[[0;32m  OK  [0m[969]: ] Reached target Network is Online.
ci-info: |   lo   | True |          ::1/128           |       .       |  host  |         .         |
[   44.030777] cloud-init[969]: ci-info: +--------+------+----------------------------+---------------+--------+-------------------+
[   44.056001]          Starting iSCSI initiator daemon (iscsid)...
[cloud-init[969]: ci-info: +++++++++++++++++++++++++++Route IPv4 info++++++++++++++++++++++++++++
[   44.087353] cloud-init[969]: [0;32m  OK  [0m] Reached target Cloud-config availability.
[[0;32m  OK  [0m] Listening on Socket activation for snappy daemon.
[[0;32m  OK  [0m] Listening on LXD - unix socket.
[[0;32m  OK  [0m] Reached target Sockets.
[[0;32m  OK  [0m] Reached target Basic System.
ci-info: +-------+-------------+----------+---------------+-----------+-------+
[   44.143386] cloud-init[969]: ci-info: | Route | Destination | Gateway  |    Genmask    | Interface | Flags |
[[0;32m  OK  [0m] Started ACPI event daemon.
[   44.174865] cloud-init[[0;32m  OK  [0m] Started Deferred execution scheduler.
         Starting Login Service...
[[0;32m  OK  [0m] Started FUSE filesystem for LXC.
         Starting Pollinate to seed the pseudo random number generator...
         Starting LXD - container startup/shutdown...
         [969]: Starting LSB: Record successful boot for GRUB...
ci-info: +-------+-------------+----------+---------------+-----------+-------+[[0;32m  OK  [0m] Started Regular background program processing daemon.
         Starting LSB: MD monitoring daemon...
         Starting System Logging Service...

[[0;32m  OK  [0m] Started D-Bus System Message Bus.
[   44.318846] cloud-init[969]: ci-info: |   0   |   0.0.0.0   | 10.0.2.2 |    0.0.0.0    |   enp0s3  |   UG  |
[   44.430284] cloud-init[969]: ci-info: |   1   |   10.0.2.0  | 0.0.0.0  | 255.255.255.0 |   enp0s3  |   U   |
         Starting Virtualbox guest utils...
         [   44.486114] cloud-init[969]: ci-info: +-------+-------------+----------+---------------+-----------+-------+
[   44.498620] Starting /etc/rc.local Compatibility...
         Starting Snap Daemon...
cloud-init[969]: ci-info: +++++++++++++++++++Route IPv6 info+++++++++++++++++++
         Starting Accounts Service...
[[0;32m  OK  [0m] Started System Logging Service.
[   44.609237] cloud-init[969]: ci-info: +-------+-------------+---------+-----------+-------+
[   44.678131] cloud-init[969]: ci-info: | Route | Destination | Gateway | Interface | Flags |
[[0;32m  OK  [0m] Started /etc/rc.local Compatibility.
[[0;32m  OK  [0m] Started iSCSI initiator daemon (iscsid).
[   44.747784] cloud-init[969]: ci-info: +-------+-------------+---------+-----------+-------+
         Starting Login to default iSCSI targets...
[   44.890393] cloud-init[969]: ci-info: |   0   |  fe80::/64  |    ::   |   enp0s3  |   U   |
[[0;32m  OK  [0m[   44.911114] cloud-init[969]: ci-info: |   3   |   ff00::/8  |    ::   |   enp0s3  |   U   |
] Started LSB: Record successful boot for GRUB.
[[   44.930016] [0;32m  OK  [0m] Started Login Service.
cloud-init[969]: ci-info: +-------+-------------+---------+-----------+-------+
[[0;32m  OK  [0m] Started Unattended Upgrades Shutdown.
[   45.068596] cloud-init[969]: Generating public/private rsa key pair.
[[0;32m  OK  [0m[   45.080636] cloud-init[969]: Your identification has been saved in /etc/ssh/ssh_host_rsa_key.
[   45.081064] ] Started LXD - container startup/shutdown.
[[0;32m  OK  [0m] Started LSB: MD monitoring daemon.
cloud-init[969]: Your public key has been saved in /etc/ssh/ssh_host_rsa_key.pub.
         Starting Authenticate and Authorize Users to Run Privileged Tasks...
[   45.145864] cloud-init[969]: The key fingerprint is:
[[0;32m  OK  [0m] Started Login to default iSCSI targets.
[[   45.239267] cloud-init[969]: SHA256:nbmHtaYTFSMESiRT/tJFBnrlL1vXcKujLdiWgcx1OZc root@ubuntu-xenial
[   45.274408] [0;32m  OK  [0m] Reached target Remote File Systems (Pre).
cloud-init[[0;32m  OK  [0m] Reached target Remote File Systems.
[969]: The key's randomart image is:
         Starting Permit User Sessions...
         Starting LSB: daemon to balance interrupts for SMP systems...
         Starting LSB: Set the CPU Frequency Scaling governor to "ondemand"...
         Starting LSB: automatic crash report generation...
[[0;32m  OK  [0m] Started Authenticate and Authorize Users to Run Privileged Tasks.
[[0;32m  OK  [0m] Started Accounts Service.
[[0;32m  OK  [0m] Started Permit User Sessions.
         Starting Terminate Plymouth Boot Screen...
         Starting Hold until boot process finishes up...
[   45.323619] cloud-init[[0;32m  OK  [0m] Started Hold until boot process finishes up.
         [969]: Starting Set console scheme...
[[0;32m  OK  [0m] Started Getty on tty1.
[[0;32m  OK  [0m] Started Serial Getty on ttyS0.
[[0;32m  OK  [0m] Reached target Login Prompts.
+---[RSA 2048]----+[[0;32m  OK  [0m] Started Terminate Plymouth Boot Screen.
[[0;32m  OK  [0m] Started Set console scheme.

[   45.629472] cloud-init[969]: |    oo+ o+=      |
[   45.699909] cloud-init[969]: |     = o =. o    |[[0;32m  OK  [0m] Started LSB: Set the CPU Frequency Scaling governor to "ondemand".

[   45.771811] cloud-init[969]: |      + . o. oo o|
[   45.800702] cloud-init[969]: |       + o =.+ E.|
[[0;32m  OK  [0m] Started LSB: daemon to balance interrupts for SMP systems.
[[0;32m  OK  [0m] Started LSB: automatic crash report generation.
[   45.845576] cloud-init[969]: |      . S B.= +..|
[   45.912854] cloud-init[969]: |       . +.O o.  |
[[0;32m  OK  [0m] Started Virtualbox guest utils.
[   45.936188] cloud-init[969]: |          *.*o   |
[   45.975175] cloud-init[969]: |         ..Oo .  |
[   46.001824] cloud-init[969]: |          oo..   |
[   46.033451] cloud-init[969]: +----[SHA256]-----+
[   46.053299] cloud-init[969]: Generating public/private dsa key pair.
[   46.071887] cloud-init[969]: Your identification has been saved in /etc/ssh/ssh_host_dsa_key.
[   46.092287] cloud-init[969]: Your public key has been saved in /etc/ssh/ssh_host_dsa_key.pub.
[   46.115672] cloud-init[969]: The key fingerprint is:
[   46.147421] cloud-init[969]: SHA256:rixDTJiYsj0ZP2ZQXtknjwDO1umRyWRsYnfdi3rV/tc root@ubuntu-xenial
[   46.180538] cloud-init[969]: The key's randomart image is:
[   46.195977] cloud-init[969]: +---[DSA 1024]----+
[   46.212809] cloud-init[969]: |    .ooo . .     |
[   46.225554] cloud-init[969]: |   o+=B++ o .    |
[   46.238005] cloud-init[969]: | o *+=Bo = . o   |
[   46.257758] cloud-init[969]: |+ =.o. .. o o .  |
[   46.282407] cloud-init[969]: |.o B  . S. . .   |
[   46.324114] cloud-init[969]: |. + B  .. .   .  |
[   46.348034] cloud-init[969]: |   = .  ..     ..|
[   46.373365] cloud-init[969]: |    o. .        E|
[   46.422164] cloud-init[969]: |     oo         .|
[   46.442875] cloud-init[969]: +----[SHA256]-----+
[   46.471013] cloud-init[[0;32m  OK  [0m] Started Pollinate to seed the pseudo random number generator.
[969]: Generating public/private ecdsa key pair.
         Starting OpenBSD Secure Shell server...
[   46.513884] [[0;32m  OK  [0m] Started Snap Daemon.
         Starting Wait until snapd is fully seeded...
cloud-init[969]: Your identification has been saved in /etc/ssh/ssh_host_ecdsa_key.
[   46.608116] cloud-init[969]: Your public key has been saved in /etc/ssh/ssh_host_ecdsa_key.pub.
[   46.679190] cloud-init[969]: The key fingerprint is:
[   46.720773] cloud-init[969]: [[0;32m  OK  [0m] Started OpenBSD Secure Shell server.
SHA256:38BhAVOx02tu/ZNU/+drxZWkAccNl8li3IVLo0Sxsew root@ubuntu-xenial
[   46.765046] cloud-init[969]: The key's randomart image is:
[   46.788124] cloud-init[969]: +---[ECDSA 256]---+
[   46.806154] cloud-init[969]: |        oo++B+=o=|
[   46.824341] cloud-init[969]: |         . =oX=B |
[   46.847544] cloud-init[969]: |          =.*o=o.|
[   46.865684] cloud-init[969]: |         o +.o..o|
[   46.884502] cloud-init[969]: |        S o E  .+|
[   46.909221] cloud-init[969]: |         . = . .+|
[   46.943414] cloud-init[969]: |          . + o +|
[   46.968089] cloud-init[969]: |           .   =o|
[   46.991731] cloud-init[969]: |              .o*|
[   47.018845] cloud-init[969]: +----[SHA256]-----+
[   47.041848] [[0;32m  OK  [0m] Created slice User Slice of vagrant.
cloud-init[969]: Generating public/private ed25519 key pair.
[   47.074950] cloud-init[969]: Your identification has been saved in /etc/ssh/ssh_host_ed25519_key.
         Starting User Manager for UID 1000...
[   47.107620] cloud-init[969]: Your public key has been saved in /etc/ssh/ssh_host_ed25519_key.pub.
[[0;32m  OK  [0m] Started Session 1 of user vagrant.
[   47.163196] cloud-init[969]: The key fingerprint is:
[   47.187606] cloud-init[969]: SHA256:iA//Z1uZoi+eZR4B94f/bEDc7qx6oAvFp81TWGHVaWs root@ubuntu-xenial
[   47.217791] cloud-init[969]: [[0;32m  OK  [0m] Started User Manager for UID 1000.
The key's randomart image is:
[   47.248004] cloud-init[969]: +--[ED25519 256]--+
[   47.270716] cloud-init[969]: |              o.+|
[   47.291420] cloud-init[969]: |             . +.|
[   47.313173] cloud-init[969]: |        . .  .o..|
[   47.335340] cloud-init[969]: |     . . + . +oE.|
[   47.366663] cloud-init[969]: |    o . S + =.+. |
[   47.393468] cloud-init[969]: |     +   . *.*. .|
[   47.421092] cloud-init[969]: |      o . *.B..+ |
[   47.456564] cloud-init[969]: |       ..B++ ..o+|
[   47.489349] cloud-init[969]: |       .===o.o.oo|
[   47.516760] cloud-init[969]: +----[SHA256]-----+
[[0;32m  OK  [0m] Started Wait until snapd is fully seeded.
[[0;32m  OK  [0m] Reached target Multi-User System.
[[0;32m  OK  [0m] Reached target Graphical Interface.
         Starting Update UTMP about System Runlevel Changes...
         Starting Apply the settings specified in cloud-config...
[[0;32m  OK  [0m] Started Update UTMP about System Runlevel Changes.
[   50.676202] cloud-init[1423]: Generating locales (this might take a while)...

Ubuntu 16.04.7 LTS ubuntu-xenial ttyS0

ubuntu-xenial login: [   53.594962] cloud-init[1423]:   en_US.UTF-8... done
[   53.597394] cloud-init[1423]: Generation complete.
[   54.622236] cloud-init[1423]: Cloud-init v. 21.1-19-gbad84ad4-0ubuntu1~16.04.2 running 'modules:config' at Tue, 24 May 2022 10:43:05 +0000. Up 50.14 seconds.
ci-info: no authorized SSH keys fingerprints found for user ubuntu.
<14>May 24 10:43:11 ec2: 
<14>May 24 10:43:11 ec2: #############################################################
<14>May 24 10:43:11 ec2: -----BEGIN SSH HOST KEY FINGERPRINTS-----
<14>May 24 10:43:11 ec2: 1024 SHA256:rixDTJiYsj0ZP2ZQXtknjwDO1umRyWRsYnfdi3rV/tc root@ubuntu-xenial (DSA)
<14>May 24 10:43:11 ec2: 256 SHA256:38BhAVOx02tu/ZNU/+drxZWkAccNl8li3IVLo0Sxsew root@ubuntu-xenial (ECDSA)
<14>May 24 10:43:11 ec2: 256 SHA256:iA//Z1uZoi+eZR4B94f/bEDc7qx6oAvFp81TWGHVaWs root@ubuntu-xenial (ED25519)
<14>May 24 10:43:11 ec2: 2048 SHA256:nbmHtaYTFSMESiRT/tJFBnrlL1vXcKujLdiWgcx1OZc root@ubuntu-xenial (RSA)
<14>May 24 10:43:11 ec2: -----END SSH HOST KEY FINGERPRINTS-----
<14>May 24 10:43:11 ec2: #############################################################
-----BEGIN SSH HOST KEY KEYS-----
ecdsa-sha2-nistp256 AAAAE2VjZHNhLXNoYTItbmlzdHAyNTYAAAAIbmlzdHAyNTYAAABBBPffxo6l+YCSHA8oLfdAnhC/bWBPV1fIIpYzdLYSgaHZHowNJ7l2hGTHNLRulzf8WrRAKhSOvjIN0nqxhxeBcxs= root@ubuntu-xenial
ssh-ed25519 AAAAC3NzaC1lZDI1NTE5AAAAIG35BnB3Qmp6Pldc5aZiVt6VRFIIUvIXlyYf4MJsICr1 root@ubuntu-xenial
ssh-rsa AAAAB3NzaC1yc2EAAAADAQABAAABAQDqHEckW8fk7c3y2UZDzE4hgRVGdSPmLjYg7A8kopjbpwUAJ6OPqgPjs/Lm+LSVE54TemHvx7i/pSx+dIUhcVxRzI6o8f3fmU8xK38S3hkBBTNORXIjFPdY6trZYWZjZKQJeFV5qhhNxg97Pk4sSpMfExVWL8FkjWh3F1rCf6DeAvEce2nr71vPYwOXxfl3Q9P/jARRjYj5q9Uprfz75jLFRH3ELQcm0cr69ShHIZXCV8EuWcpOLYC3+qXPI50BMe/N+0mBoD46Sy3Mp5bQhUL9HG2DJDoXSxhttp7qSzoV0cXxQ3HF8pNXPhZCksNoBh3uAKBe0XeOUR9m360AKNpj root@ubuntu-xenial
-----END SSH HOST KEY KEYS-----
[   55.983406] cloud-init[1633]: Cloud-init v. 21.1-19-gbad84ad4-0ubuntu1~16.04.2 running 'modules:final' at Tue, 24 May 2022 10:43:11 +0000. Up 55.52 seconds.
[   55.983624] cloud-init[1633]: ci-info: no authorized SSH keys fingerprints found for user ubuntu.
[   55.983722] cloud-init[1633]: Cloud-init v. 21.1-19-gbad84ad4-0ubuntu1~16.04.2 finished at Tue, 24 May 2022 10:43:11 +0000. Datasource DataSourceNoCloud [seed=/dev/sdb][dsmode=net].  Up 55.79 seconds
